D:\lp_solve_5.5\xli\xli_ZIMPL\ziboptVS10\zibopt\scip\Release\branch.obj
D:\lp_solve_5.5\xli\xli_ZIMPL\ziboptVS10\zibopt\scip\Release\branch_allfullstrong.obj
D:\lp_solve_5.5\xli\xli_ZIMPL\ziboptVS10\zibopt\scip\Release\branch_fullstrong.obj
D:\lp_solve_5.5\xli\xli_ZIMPL\ziboptVS10\zibopt\scip\Release\branch_inference.obj
D:\lp_solve_5.5\xli\xli_ZIMPL\ziboptVS10\zibopt\scip\Release\branch_leastinf.obj
D:\lp_solve_5.5\xli\xli_ZIMPL\ziboptVS10\zibopt\scip\Release\branch_mostinf.obj
D:\lp_solve_5.5\xli\xli_ZIMPL\ziboptVS10\zibopt\scip\Release\branch_pscost.obj
D:\lp_solve_5.5\xli\xli_ZIMPL\ziboptVS10\zibopt\scip\Release\branch_random.obj
D:\lp_solve_5.5\xli\xli_ZIMPL\ziboptVS10\zibopt\scip\Release\branch_relpscost.obj
D:\lp_solve_5.5\xli\xli_ZIMPL\ziboptVS10\zibopt\scip\Release\buffer.obj
D:\lp_solve_5.5\xli\xli_ZIMPL\ziboptVS10\zibopt\scip\Release\clock.obj
D:\lp_solve_5.5\xli\xli_ZIMPL\ziboptVS10\zibopt\scip\Release\conflict.obj
D:\lp_solve_5.5\xli\xli_ZIMPL\ziboptVS10\zibopt\scip\Release\cons.obj
D:\lp_solve_5.5\xli\xli_ZIMPL\ziboptVS10\zibopt\scip\Release\cons_and.obj
D:\lp_solve_5.5\xli\xli_ZIMPL\ziboptVS10\zibopt\scip\Release\cons_binpack.obj
D:\lp_solve_5.5\xli\xli_ZIMPL\ziboptVS10\zibopt\scip\Release\cons_bounddisjunction.obj
D:\lp_solve_5.5\xli\xli_ZIMPL\ziboptVS10\zibopt\scip\Release\cons_conjunction.obj
D:\lp_solve_5.5\xli\xli_ZIMPL\ziboptVS10\zibopt\scip\Release\cons_countsols.obj
D:\lp_solve_5.5\xli\xli_ZIMPL\ziboptVS10\zibopt\scip\Release\cons_cumulative.obj
D:\lp_solve_5.5\xli\xli_ZIMPL\ziboptVS10\zibopt\scip\Release\cons_eqknapsack.obj
D:\lp_solve_5.5\xli\xli_ZIMPL\ziboptVS10\zibopt\scip\Release\cons_indicator.obj
D:\lp_solve_5.5\xli\xli_ZIMPL\ziboptVS10\zibopt\scip\Release\cons_integral.obj
D:\lp_solve_5.5\xli\xli_ZIMPL\ziboptVS10\zibopt\scip\Release\cons_invarknapsack.obj
D:\lp_solve_5.5\xli\xli_ZIMPL\ziboptVS10\zibopt\scip\Release\cons_knapsack.obj
D:\lp_solve_5.5\xli\xli_ZIMPL\ziboptVS10\zibopt\scip\Release\cons_linear.obj
D:\lp_solve_5.5\xli\xli_ZIMPL\ziboptVS10\zibopt\scip\Release\cons_linking.obj
D:\lp_solve_5.5\xli\xli_ZIMPL\ziboptVS10\zibopt\scip\Release\cons_logicor.obj
D:\lp_solve_5.5\xli\xli_ZIMPL\ziboptVS10\zibopt\scip\Release\cons_or.obj
D:\lp_solve_5.5\xli\xli_ZIMPL\ziboptVS10\zibopt\scip\Release\cons_orbitope.obj
D:\lp_solve_5.5\xli\xli_ZIMPL\ziboptVS10\zibopt\scip\Release\cons_quadratic.obj
D:\lp_solve_5.5\xli\xli_ZIMPL\ziboptVS10\zibopt\scip\Release\cons_setppc.obj
D:\lp_solve_5.5\xli\xli_ZIMPL\ziboptVS10\zibopt\scip\Release\cons_soc.obj
D:\lp_solve_5.5\xli\xli_ZIMPL\ziboptVS10\zibopt\scip\Release\cons_sos1.obj
D:\lp_solve_5.5\xli\xli_ZIMPL\ziboptVS10\zibopt\scip\Release\cons_sos2.obj
D:\lp_solve_5.5\xli\xli_ZIMPL\ziboptVS10\zibopt\scip\Release\cons_varbound.obj
D:\lp_solve_5.5\xli\xli_ZIMPL\ziboptVS10\zibopt\scip\Release\cons_xor.obj
D:\lp_solve_5.5\xli\xli_ZIMPL\ziboptVS10\zibopt\scip\Release\cutpool.obj
D:\lp_solve_5.5\xli\xli_ZIMPL\ziboptVS10\zibopt\scip\Release\debug.obj
D:\lp_solve_5.5\xli\xli_ZIMPL\ziboptVS10\zibopt\scip\Release\dialog.obj
D:\lp_solve_5.5\xli\xli_ZIMPL\ziboptVS10\zibopt\scip\Release\dialog_default.obj
D:\lp_solve_5.5\xli\xli_ZIMPL\ziboptVS10\zibopt\scip\Release\dijkstra_bh.obj
D:\lp_solve_5.5\xli\xli_ZIMPL\ziboptVS10\zibopt\scip\Release\disp.obj
D:\lp_solve_5.5\xli\xli_ZIMPL\ziboptVS10\zibopt\scip\Release\disp_default.obj
D:\lp_solve_5.5\xli\xli_ZIMPL\ziboptVS10\zibopt\scip\Release\event.obj
D:\lp_solve_5.5\xli\xli_ZIMPL\ziboptVS10\zibopt\scip\Release\expression.obj
D:\lp_solve_5.5\xli\xli_ZIMPL\ziboptVS10\zibopt\scip\Release\fileio.obj
D:\lp_solve_5.5\xli\xli_ZIMPL\ziboptVS10\zibopt\scip\Release\heur.obj
D:\lp_solve_5.5\xli\xli_ZIMPL\ziboptVS10\zibopt\scip\Release\heur_actconsdiving.obj
D:\lp_solve_5.5\xli\xli_ZIMPL\ziboptVS10\zibopt\scip\Release\heur_coefdiving.obj
D:\lp_solve_5.5\xli\xli_ZIMPL\ziboptVS10\zibopt\scip\Release\heur_crossover.obj
D:\lp_solve_5.5\xli\xli_ZIMPL\ziboptVS10\zibopt\scip\Release\heur_dins.obj
D:\lp_solve_5.5\xli\xli_ZIMPL\ziboptVS10\zibopt\scip\Release\heur_feaspump.obj
D:\lp_solve_5.5\xli\xli_ZIMPL\ziboptVS10\zibopt\scip\Release\heur_fixandinfer.obj
D:\lp_solve_5.5\xli\xli_ZIMPL\ziboptVS10\zibopt\scip\Release\heur_fracdiving.obj
D:\lp_solve_5.5\xli\xli_ZIMPL\ziboptVS10\zibopt\scip\Release\heur_guideddiving.obj
D:\lp_solve_5.5\xli\xli_ZIMPL\ziboptVS10\zibopt\scip\Release\heur_intdiving.obj
D:\lp_solve_5.5\xli\xli_ZIMPL\ziboptVS10\zibopt\scip\Release\heur_intshifting.obj
D:\lp_solve_5.5\xli\xli_ZIMPL\ziboptVS10\zibopt\scip\Release\heur_linesearchdiving.obj
D:\lp_solve_5.5\xli\xli_ZIMPL\ziboptVS10\zibopt\scip\Release\heur_localbranching.obj
D:\lp_solve_5.5\xli\xli_ZIMPL\ziboptVS10\zibopt\scip\Release\heur_mutation.obj
D:\lp_solve_5.5\xli\xli_ZIMPL\ziboptVS10\zibopt\scip\Release\vc100.pdb
