Build started 19-11-10 21:39:31.
     1>Project "D:\lp_solve_5.5\xli\xli_ZIMPL\ziboptVS10\zibopt\scip\libscip.vcxproj" on node 2 (build target(s)).
     1>InitializeBuildStatus:
         Creating "Release\libscip.unsuccessfulbuild" because "AlwaysCreate" was specified.
       ClCompile:
         All outputs are up-to-date.
         C:\Program Files\Microsoft Visual Studio 10.0\VC\bin\CL.exe /c /I..\..\thirdparty\gmp /I..\..\thirdparty\pcre\src /I..\..\thirdparty\zlib /Isrc /I..\zimpl\src /Zi /nologo /W3 /WX- /O2 /Oi /Oy- /GL /D NO_SIGACTION /D NO_RAND_R /D NO_STRTOK_R /D NO_STRERROR_R /D WITH_ZLIB /D WITH_ZIMPL /D NDEBUG /D inline=_inline /D R_OK=4 /D _MBCS /Gm- /EHsc /MD /GS /Gy /fp:precise /Zc:wchar_t /Zc:forScope /Fo"Release\\" /Fd"Release\vc100.pdb" /Gd /TC /wd4274 /wd4996 /wd4244 /analyze- /errorReport:prompt src\scip\interrupt.c src\scip\intervalarith.c src\scip\misc.c
         interrupt.c
         intervalarith.c
         misc.c
     1>C:\Program Files\MSBuild\Microsoft.Cpp\v4.0\Microsoft.CppBuild.targets(1151,5): warning MSB8012: TargetPath(D:\lp_solve_5.5\xli\xli_ZIMPL\ziboptVS10\Release\libscip.lib) does not match the Library's OutputFile property value (D:\lp_solve_5.5\xli\xli_ZIMPL\ziboptVS10\zibopt\scip\lib\sciplib\x86\release\libscip.lib). This may cause your project to build incorrectly. To correct this, please make sure that $(OutDir), $(TargetName) and $(TargetExt) property values match the value specified in %(Lib.OutputFile).
       Lib:
         C:\Program Files\Microsoft Visual Studio 10.0\VC\bin\Lib.exe /OUT:"D:\lp_solve_5.5\xli\xli_ZIMPL\ziboptVS10\zibopt\scip\\lib\sciplib\x86\release\libscip.lib" /NOLOGO /LTCG Release\branch.obj
         Release\branch_allfullstrong.obj
         Release\branch_fullstrong.obj
         Release\branch_inference.obj
         Release\branch_leastinf.obj
         Release\branch_mostinf.obj
         Release\branch_pscost.obj
         Release\branch_random.obj
         Release\branch_relpscost.obj
         Release\buffer.obj
         Release\clock.obj
         Release\conflict.obj
         Release\cons.obj
         Release\cons_and.obj
         Release\cons_binpack.obj
         Release\cons_bounddisjunction.obj
         Release\cons_conjunction.obj
         Release\cons_countsols.obj
         Release\cons_cumulative.obj
         Release\cons_eqknapsack.obj
         Release\cons_indicator.obj
         Release\cons_integral.obj
         Release\cons_invarknapsack.obj
         Release\cons_knapsack.obj
         Release\cons_linear.obj
         Release\cons_linking.obj
         Release\cons_logicor.obj
         Release\cons_or.obj
         Release\cons_orbitope.obj
         Release\cons_quadratic.obj
         Release\cons_setppc.obj
         Release\cons_soc.obj
         Release\cons_sos1.obj
         Release\cons_sos2.obj
         Release\cons_varbound.obj
         Release\cons_xor.obj
         Release\cutpool.obj
         Release\debug.obj
         Release\dialog.obj
         Release\dialog_default.obj
         Release\dijkstra_bh.obj
         Release\disp.obj
         Release\disp_default.obj
         Release\event.obj
         Release\expression.obj
         Release\fileio.obj
         Release\heur.obj
         Release\heur_actconsdiving.obj
         Release\heur_coefdiving.obj
         Release\heur_crossover.obj
         Release\heur_dins.obj
         Release\heur_feaspump.obj
         Release\heur_fixandinfer.obj
         Release\heur_fracdiving.obj
         Release\heur_guideddiving.obj
         Release\heur_intdiving.obj
         Release\heur_intshifting.obj
         Release\heur_linesearchdiving.obj
         Release\heur_localbranching.obj
         Release\heur_mutation.obj
         Release\heur_objpscostdiving.obj
         Release\heur_octane.obj
         Release\heur_oneopt.obj
         Release\heur_pscostdiving.obj
         Release\heur_rens.obj
         Release\heur_rins.obj
         Release\heur_rootsoldiving.obj
         Release\heur_rounding.obj
         Release\heur_shiftandpropagate.obj
         Release\heur_shifting.obj
         Release\heur_simplerounding.obj
         Release\heur_subnlp.obj
         Release\heur_trivial.obj
         Release\heur_trysol.obj
         Release\heur_twoopt.obj
         Release\heur_undercover.obj
         Release\heur_veclendiving.obj
         Release\heur_zirounding.obj
         Release\history.obj
         Release\implics.obj
         Release\interrupt.obj
         Release\intervalarith.obj
         Release\lp.obj
         Release\mem.obj
         Release\misc.obj
         Release\nlp.obj
         Release\nodesel.obj
         Release\nodesel_bfs.obj
         Release\nodesel_dfs.obj
         Release\nodesel_estimate.obj
         Release\nodesel_hybridestim.obj
         Release\nodesel_restartdfs.obj
         Release\paramset.obj
         Release\presol.obj
         Release\presol_boundshift.obj
         Release\presol_dualfix.obj
         Release\presol_implics.obj
         Release\presol_inttobinary.obj
         Release\presol_probing.obj
         Release\presol_trivial.obj
         Release\pricer.obj
         Release\pricestore.obj
         Release\primal.obj
         Release\prob.obj
         Release\prop.obj
         Release\prop_pseudoobj.obj
         Release\prop_rootredcost.obj
         Release\prop_vbounds.obj
         Release\reader.obj
         Release\reader_ccg.obj
         Release\reader_cip.obj
         Release\reader_cnf.obj
         Release\reader_fix.obj
         Release\reader_fzn.obj
         Release\reader_gms.obj
         Release\reader_lp.obj
         Release\reader_mps.obj
         Release\reader_opb.obj
         Release\reader_pip.obj
         Release\reader_ppm.obj
         Release\reader_rlp.obj
         Release\reader_sol.obj
         Release\reader_wbo.obj
         Release\reader_zpl.obj
         Release\relax.obj
         Release\retcode.obj
         Release\scip.obj
         Release\scipdefplugins.obj
         Release\scipshell.obj
         Release\sepa.obj
         Release\sepa_cgmip.obj
         Release\sepa_clique.obj
         Release\sepa_cmir.obj
         Release\sepa_flowcover.obj
         Release\sepa_gomory.obj
         Release\sepa_impliedbounds.obj
         Release\sepa_intobj.obj
         Release\sepa_mcf.obj
         Release\sepa_oddcycle.obj
         Release\sepa_rapidlearning.obj
         Release\sepa_redcost.obj
         Release\sepa_strongcg.obj
         Release\sepa_zerohalf.obj
         Release\sepastore.obj
         Release\set.obj
         Release\sol.obj
         Release\solve.obj
         Release\stat.obj
         Release\tclique_branch.obj
         Release\tclique_coloring.obj
         Release\tclique_graph.obj
         Release\tree.obj
         Release\var.obj
         Release\vbc.obj
         Release\xmlparse.obj
         libscip.vcxproj -> D:\lp_solve_5.5\xli\xli_ZIMPL\ziboptVS10\Release\libscip.lib
       FinalizeBuildStatus:
         Deleting file "Release\libscip.unsuccessfulbuild".
         Touching "Release\libscip.lastbuildstate".
     1>Done Building Project "D:\lp_solve_5.5\xli\xli_ZIMPL\ziboptVS10\zibopt\scip\libscip.vcxproj" (build target(s)).

Build succeeded.

Time Elapsed 00:00:01.80
