Build started 19-11-10 20:56:11.
     1>Project "D:\lp_solve_5.5\xli\xli_ZIMPL\ziboptVS10\zibopt\soplex\libsoplex.vcxproj" on node 2 (rebuild target(s)).
     1>_PrepareForClean:
         Deleting file "x64\Debug\libsoplex.lastbuildstate".
       InitializeBuildStatus:
         Creating "x64\Debug\libsoplex.unsuccessfulbuild" because "AlwaysCreate" was specified.
       ClCompile:
         C:\Program Files\Microsoft Visual Studio 10.0\VC\bin\x86_amd64\CL.exe /c /I..\..\thirdparty\zlib /Zi /nologo /W3 /WX- /Od /D WITH_ZLIB /D WIN64 /D _MBCS /Gm /EHsc /RTC1 /MDd /GS /fp:precise /Zc:wchar_t /Zc:forScope /Fo"x64\Debug\\" /Fd"x64\Debug\x86\SoPlexLib.pdb" /Gd /TP /wd4996 /wd4274 /wd4068 /errorReport:prompt src\changesoplex.cpp src\didxset.cpp src\dsvector.cpp src\dvector.cpp src\enter.cpp src\factor.cpp src\forest.cpp src\gzstream.cpp src\idxset.cpp src\leave.cpp src\lpcolset.cpp src\lprow.cpp src\lprowset.cpp src\message.cpp src\mpsinput.cpp src\nameset.cpp src\slufactor.cpp src\solve.cpp src\soplex.cpp src\spxbasis.cpp src\spxbounds.cpp src\spxchangebasis.cpp src\spxdantzigpr.cpp src\spxdefaultrt.cpp src\spxdefines.cpp src\spxdesc.cpp src\spxdevexpr.cpp src\spxequilisc.cpp src\spxfastrt.cpp src\spxfileio.cpp src\spxgeometsc.cpp src\spxharrisrt.cpp src\spxhybridpr.cpp src\spxid.cpp src\spxio.cpp src\spxlp.cpp src\spxlpfread.cpp src\spxlpfwrite.cpp src\spxmainsm.cpp src\spxmpsread.cpp src\spxmpswrite.cpp src\spxout.cpp src\spxparmultpr.cpp src\spxproof.cpp src\spxquality.cpp src\spxscaler.cpp src\spxshift.cpp src\spxsolve.cpp src\spxsolver.cpp src\spxstarter.cpp src\spxsteeppr.cpp src\spxsumst.cpp src\spxvecs.cpp src\spxvectorst.cpp src\spxweightpr.cpp src\spxweightst.cpp src\spxwritestate.cpp src\ssvector.cpp src\svector.cpp src\svset.cpp src\timer.cpp src\tracemethod.cpp src\unitvector.cpp src\update.cpp src\updatevector.cpp src\vector.cpp src\vsolve.cpp
         vsolve.cpp
         vector.cpp
         updatevector.cpp
         update.cpp
         unitvector.cpp
         tracemethod.cpp
         timer.cpp
         svset.cpp
         svector.cpp
         ssvector.cpp
         spxwritestate.cpp
         spxweightst.cpp
         spxweightpr.cpp
         spxvectorst.cpp
         spxvecs.cpp
         spxsumst.cpp
         spxsteeppr.cpp
         spxstarter.cpp
         spxsolver.cpp
         spxsolve.cpp
         Generating Code...
         Compiling...
         spxshift.cpp
         spxscaler.cpp
         spxquality.cpp
         spxproof.cpp
         spxparmultpr.cpp
         spxout.cpp
         spxmpswrite.cpp
         spxmpsread.cpp
         spxmainsm.cpp
         spxlpfwrite.cpp
         spxlpfread.cpp
         spxlp.cpp
         spxio.cpp
         spxid.cpp
         spxhybridpr.cpp
         spxharrisrt.cpp
         spxgeometsc.cpp
         spxfileio.cpp
         spxfastrt.cpp
         spxequilisc.cpp
         Generating Code...
         Compiling...
         spxdevexpr.cpp
         spxdesc.cpp
         spxdefines.cpp
         spxdefaultrt.cpp
         spxdantzigpr.cpp
         spxchangebasis.cpp
         spxbounds.cpp
         spxbasis.cpp
         soplex.cpp
         solve.cpp
         slufactor.cpp
         nameset.cpp
         mpsinput.cpp
         message.cpp
         lprowset.cpp
         lprow.cpp
         lpcolset.cpp
         leave.cpp
         idxset.cpp
         gzstream.cpp
     1>src\gzstream.cpp(87): warning C4244: 'initializing' : conversion from '__int64' to 'int', possible loss of data
     1>src\gzstream.cpp(108): warning C4244: 'initializing' : conversion from '__int64' to 'int', possible loss of data
         Generating Code...
         Compiling...
         forest.cpp
         factor.cpp
         enter.cpp
         dvector.cpp
         dsvector.cpp
         didxset.cpp
         changesoplex.cpp
         Generating Code...
       Lib:
         C:\Program Files\Microsoft Visual Studio 10.0\VC\bin\x86_amd64\Lib.exe /OUT:"D:\lp_solve_5.5\xli\xli_ZIMPL\ziboptVS10\x64\Debug\libsoplex.lib" /NOLOGO x64\Debug\changesoplex.obj
         x64\Debug\didxset.obj
         x64\Debug\dsvector.obj
         x64\Debug\dvector.obj
         x64\Debug\enter.obj
         x64\Debug\factor.obj
         x64\Debug\forest.obj
         x64\Debug\gzstream.obj
         x64\Debug\idxset.obj
         x64\Debug\leave.obj
         x64\Debug\lpcolset.obj
         x64\Debug\lprow.obj
         x64\Debug\lprowset.obj
         x64\Debug\message.obj
         x64\Debug\mpsinput.obj
         x64\Debug\nameset.obj
         x64\Debug\slufactor.obj
         x64\Debug\solve.obj
         x64\Debug\soplex.obj
         x64\Debug\spxbasis.obj
         x64\Debug\spxbounds.obj
         x64\Debug\spxchangebasis.obj
         x64\Debug\spxdantzigpr.obj
         x64\Debug\spxdefaultrt.obj
         x64\Debug\spxdefines.obj
         x64\Debug\spxdesc.obj
         x64\Debug\spxdevexpr.obj
         x64\Debug\spxequilisc.obj
         x64\Debug\spxfastrt.obj
         x64\Debug\spxfileio.obj
         x64\Debug\spxgeometsc.obj
         x64\Debug\spxharrisrt.obj
         x64\Debug\spxhybridpr.obj
         x64\Debug\spxid.obj
         x64\Debug\spxio.obj
         x64\Debug\spxlp.obj
         x64\Debug\spxlpfread.obj
         x64\Debug\spxlpfwrite.obj
         x64\Debug\spxmainsm.obj
         x64\Debug\spxmpsread.obj
         x64\Debug\spxmpswrite.obj
         x64\Debug\spxout.obj
         x64\Debug\spxparmultpr.obj
         x64\Debug\spxproof.obj
         x64\Debug\spxquality.obj
         x64\Debug\spxscaler.obj
         x64\Debug\spxshift.obj
         x64\Debug\spxsolve.obj
         x64\Debug\spxsolver.obj
         x64\Debug\spxstarter.obj
         x64\Debug\spxsteeppr.obj
         x64\Debug\spxsumst.obj
         x64\Debug\spxvecs.obj
         x64\Debug\spxvectorst.obj
         x64\Debug\spxweightpr.obj
         x64\Debug\spxweightst.obj
         x64\Debug\spxwritestate.obj
         x64\Debug\ssvector.obj
         x64\Debug\svector.obj
         x64\Debug\svset.obj
         x64\Debug\timer.obj
         x64\Debug\tracemethod.obj
         x64\Debug\unitvector.obj
         x64\Debug\update.obj
         x64\Debug\updatevector.obj
         x64\Debug\vector.obj
         x64\Debug\vsolve.obj
     1>tracemethod.obj : warning LNK4221: This object file does not define any previously undefined public symbols, so it will not be used by any link operation that consumes this library
         libsoplex.vcxproj -> D:\lp_solve_5.5\xli\xli_ZIMPL\ziboptVS10\x64\Debug\libsoplex.lib
       FinalizeBuildStatus:
         Deleting file "x64\Debug\libsoplex.unsuccessfulbuild".
         Touching "x64\Debug\libsoplex.lastbuildstate".
     1>Done Building Project "D:\lp_solve_5.5\xli\xli_ZIMPL\ziboptVS10\zibopt\soplex\libsoplex.vcxproj" (rebuild target(s)).

Build succeeded.

Time Elapsed 00:00:45.50
