#
# An unexpected error has been detected by HotSpot Virtual Machine:
#
#  EXCEPTION_ACCESS_VIOLATION (0xc0000005) at pc=0x02eb0b07, pid=636, tid=3028
#
# Java VM: Java HotSpot(TM) Client VM (1.5.0_10-b03 mixed mode, sharing)
# Problematic frame:
# C  [lpsolve55.dll+0x20b07]
#

---------------  T H R E A D  ---------------

Current thread (0x000368f0):  JavaThread "main" [_thread_in_native, id=3028]

siginfo: ExceptionCode=0xc0000005, writing address 0x00000000

Registers:
EAX=0x00000000, EBX=0x02ca9948, ECX=0x00000000, EDX=0x00000000
ESP=0x0007f300, EBP=0x0007f33c, ESI=0x00a88db0, EDI=0x00000000
EIP=0x02eb0b07, EFLAGS=0x00010246

Top of Stack: (sp=0x0007f300)
0x0007f300:   00000000 02ca9948 00000000 00000000
0x0007f310:   00000000 00000002 00000001 02ea2129
0x0007f320:   02ca9948 00000001 02ca9948 00000000
0x0007f330:   00000000 0007f368 02ea3204 0007f368
0x0007f340:   02ea33f0 01a88db0 00000000 00000000
0x0007f350:   00000000 00000000 3ff00000 00000001
0x0007f360:   00000000 00000004 0007f3ac 02f07822
0x0007f370:   00000001 00000000 00000000 00000000 

Instructions: (pc=0x02eb0b07)
0x02eb0af7:   e9 54 01 00 00 80 7e 59 00 75 0b 8b 4d 10 d9 ee
0x02eb0b07:   dd 19 eb 02 33 c0 80 7d 0b 00 0f 84 ff 00 00 00 


Stack: [0x00040000,0x00080000),  sp=0x0007f300,  free space=252k
Native frames: (J=compiled Java code, j=interpreted, Vv=VM code, C=native code)
C  [lpsolve55.dll+0x20b07]
C  [lpsolve55.dll+0x133f0]
C  [xli_CPLEX.dll+0x7822]
C  [xli_CPLEX.dll+0x4bac]
C  [xli_CPLEX.dll+0x4c32]
C  [xli_CPLEX.dll+0x124e]
C  [lpsolve55.dll+0x1719e]

Java frames: (J=compiled Java code, j=interpreted, Vv=VM code)
j  lpsolve.LpSolve.readXLI(Ljava/lang/String;Ljava/lang/String;Ljava/lang/String;Ljava/lang/String;I)Llpsolve/LpSolve;+0
j  LpSolveTest.readWriteXLI(Ljava/lang/String;)V+106
j  LpSolveTest.testReadWriteXLI_CPLEX()V+3
v  ~StubRoutines::call_stub
j  sun.reflect.NativeMethodAccessorImpl.invoke0(Ljava/lang/reflect/Method;Ljava/lang/Object;[Ljava/lang/Object;)Ljava/lang/Object;+0
j  sun.reflect.NativeMethodAccessorImpl.invoke(Ljava/lang/Object;[Ljava/lang/Object;)Ljava/lang/Object;+87
j  sun.reflect.DelegatingMethodAccessorImpl.invoke(Ljava/lang/Object;[Ljava/lang/Object;)Ljava/lang/Object;+6
j  java.lang.reflect.Method.invoke(Ljava/lang/Object;[Ljava/lang/Object;)Ljava/lang/Object;+111
j  junit.framework.TestCase.runTest()V+96
j  junit.framework.TestCase.runBare()V+5
j  junit.framework.TestResult$1.protect()V+4
j  junit.framework.TestResult.runProtected(Ljunit/framework/Test;Ljunit/framework/Protectable;)V+1
j  junit.framework.TestResult.run(Ljunit/framework/TestCase;)V+17
j  junit.framework.TestCase.run(Ljunit/framework/TestResult;)V+2
j  junit.framework.TestSuite.runTest(Ljunit/framework/Test;Ljunit/framework/TestResult;)V+2
j  junit.framework.TestSuite.run(Ljunit/framework/TestResult;)V+31
j  junit.textui.TestRunner.doRun(Ljunit/framework/Test;Z)Ljunit/framework/TestResult;+20
j  junit.textui.TestRunner.doRun(Ljunit/framework/Test;)Ljunit/framework/TestResult;+3
j  junit.textui.TestRunner.run(Ljunit/framework/Test;)Ljunit/framework/TestResult;+10
j  LpSolveTest.main([Ljava/lang/String;)V+3
v  ~StubRoutines::call_stub

---------------  P R O C E S S  ---------------

Java Threads: ( => current thread )
  0x00a71d30 JavaThread "Low Memory Detector" daemon [_thread_blocked, id=2024]
  0x00a707d0 JavaThread "CompilerThread0" daemon [_thread_blocked, id=2200]
  0x00a6faf0 JavaThread "Signal Dispatcher" daemon [_thread_blocked, id=472]
  0x00a42d30 JavaThread "Finalizer" daemon [_thread_blocked, id=2156]
  0x0003fb30 JavaThread "Reference Handler" daemon [_thread_blocked, id=1116]
=>0x000368f0 JavaThread "main" [_thread_in_native, id=3028]

Other Threads:
  0x00a40ec0 VMThread [id=2772]
  0x00a72f88 WatcherThread [id=3400]

VM state:not at safepoint (normal execution)

VM Mutex/Monitor currently owned by a thread: None

Heap
 def new generation   total 576K, used 201K [0x22b80000, 0x22c20000, 0x23060000)
  eden space 512K,  26% used [0x22b80000, 0x22ba2798, 0x22c00000)
  from space 64K, 100% used [0x22c10000, 0x22c20000, 0x22c20000)
  to   space 64K,   0% used [0x22c00000, 0x22c00000, 0x22c10000)
 tenured generation   total 1408K, used 144K [0x23060000, 0x231c0000, 0x26b80000)
   the space 1408K,  10% used [0x23060000, 0x23084088, 0x23084200, 0x231c0000)
 compacting perm gen  total 8192K, used 190K [0x26b80000, 0x27380000, 0x2ab80000)
   the space 8192K,   2% used [0x26b80000, 0x26baf8d0, 0x26bafa00, 0x27380000)
    ro space 8192K,  63% used [0x2ab80000, 0x2b08eda8, 0x2b08ee00, 0x2b380000)
    rw space 12288K,  46% used [0x2b380000, 0x2b9212b8, 0x2b921400, 0x2bf80000)

Dynamic libraries:
0x00400000 - 0x0040d000 	C:\WINDOWS\system32\java.exe
0x7c900000 - 0x7c9b0000 	C:\WINDOWS\system32\ntdll.dll
0x7c800000 - 0x7c8f4000 	C:\WINDOWS\system32\kernel32.dll
0x77dd0000 - 0x77e6b000 	C:\WINDOWS\system32\ADVAPI32.dll
0x77e70000 - 0x77f01000 	C:\WINDOWS\system32\RPCRT4.dll
0x77c10000 - 0x77c68000 	C:\WINDOWS\system32\MSVCRT.dll
0x6d630000 - 0x6d7cc000 	C:\Program Files\Java\jre1.5.0_10\bin\client\jvm.dll
0x77d40000 - 0x77dd0000 	C:\WINDOWS\system32\USER32.dll
0x77f10000 - 0x77f57000 	C:\WINDOWS\system32\GDI32.dll
0x76b40000 - 0x76b6d000 	C:\WINDOWS\system32\WINMM.dll
0x76390000 - 0x763ad000 	C:\WINDOWS\system32\IMM32.DLL
0x629c0000 - 0x629c9000 	C:\WINDOWS\system32\LPK.DLL
0x74d90000 - 0x74dfb000 	C:\WINDOWS\system32\USP10.dll
0x6d280000 - 0x6d288000 	C:\Program Files\Java\jre1.5.0_10\bin\hpi.dll
0x76bf0000 - 0x76bfb000 	C:\WINDOWS\system32\PSAPI.DLL
0x6d600000 - 0x6d60c000 	C:\Program Files\Java\jre1.5.0_10\bin\verify.dll
0x6d300000 - 0x6d31d000 	C:\Program Files\Java\jre1.5.0_10\bin\java.dll
0x6d620000 - 0x6d62f000 	C:\Program Files\Java\jre1.5.0_10\bin\zip.dll
0x10000000 - 0x1001b000 	F:\lp_solve_5.5\extra\lp_solve_5.5_java\lib\win32\lpsolve55j.dll
0x02e90000 - 0x02ef3000 	C:\WINDOWS\system32\lpsolve55.dll
0x02f00000 - 0x02f24000 	F:\lp_solve_5.5\xli_CPLEX.dll

VM Arguments:
java_command: LpSolveTest
Launcher Type: SUN_STANDARD

Environment Variables:
CLASSPATH=D:\lindo\Lindoapi41\lib\lindo4_1.jar
PATH=F:\lp_solve_5.5;F:\lp_solve_5.5\lpsolve55;F:\lp_solve_5.5\extra\lp_solve_5.5_java\lib\win32;F:\Python25\.;C:\WINDOWS\system32;C:\WINDOWS;C:\WINDOWS\System32\Wbem;C:\Program Files\Microsoft SQL Server\80\Tools\BINN;D:\usr\local\wbin;d:\util;d:\util\upx;C:\cygwin\bin;C:\Program Files\Compuware\DevPartner Studio\Analysis;C:\Program Files\Common Files\Compuware\NMShared;C:\Program Files\HTML Help Workshop;C:\Program Files\ATI Technologies\ATI Control Panel;C:\Sun\AppServer\jdk\bin;C:\Program Files\ZipGenius 6\;F:\gnuplot\bin;D:\lindo\Lindoapi41\bin\win32;C:\Program Files\Microsoft SQL Server\80\Tools\Binn\;F:\Program Files\Microsoft SQL Server\90\Tools\binn\;F:\Program Files\Microsoft SQL Server\90\DTS\Binn\;F:\Program Files\Microsoft SQL Server\90\Tools\Binn\VSShell\Common7\IDE\
USERNAME=peno
OS=Windows_NT
PROCESSOR_IDENTIFIER=x86 Family 15 Model 2 Stepping 4, GenuineIntel



---------------  S Y S T E M  ---------------

OS: Windows XP Build 2600 Service Pack 2

CPU:total 1 (cores per cpu 1, threads per core 1) family 15 model 2 stepping 4, cmov, cx8, fxsr, mmx, sse, sse2

Memory: 4k page, physical 523760k(220168k free), swap 1262056k(637568k free)

vm_info: Java HotSpot(TM) Client VM (1.5.0_10-b03) for windows-x86, built on Nov  9 2006 13:13:34 by "java_re" with MS VC++ 6.0

