D:\LP_SOLVE_5.5\XLI\XLI_ZIMPL\ZIBOPTVS10\ZIBOPT\ZIMPL\LIB\X64\DEBUG\LIBZIMPL.LIB
D:\LP_SOLVE_5.5\XLI\XLI_ZIMPL\ZIBOPTVS10\ZIBOPT\ZIMPL\X64\DEBUG\BLKMEM.OBJ
D:\LP_SOLVE_5.5\XLI\XLI_ZIMPL\ZIBOPTVS10\ZIBOPT\ZIMPL\X64\DEBUG\BOUND.OBJ
D:\lp_solve_5.5\xli\xli_ZIMPL\ziboptVS10\zibopt\zimpl\x64\Debug\cl.command.1.tlog
D:\lp_solve_5.5\xli\xli_ZIMPL\ziboptVS10\zibopt\zimpl\x64\Debug\CL.read.1.tlog
D:\lp_solve_5.5\xli\xli_ZIMPL\ziboptVS10\zibopt\zimpl\x64\Debug\CL.write.1.tlog
D:\LP_SOLVE_5.5\XLI\XLI_ZIMPL\ZIBOPTVS10\ZIBOPT\ZIMPL\X64\DEBUG\CODE.OBJ
D:\LP_SOLVE_5.5\XLI\XLI_ZIMPL\ZIBOPTVS10\ZIBOPT\ZIMPL\X64\DEBUG\CONNAME.OBJ
D:\LP_SOLVE_5.5\XLI\XLI_ZIMPL\ZIBOPTVS10\ZIBOPT\ZIMPL\X64\DEBUG\DEFINE.OBJ
D:\LP_SOLVE_5.5\XLI\XLI_ZIMPL\ZIBOPTVS10\ZIBOPT\ZIMPL\X64\DEBUG\ELEM.OBJ
D:\LP_SOLVE_5.5\XLI\XLI_ZIMPL\ZIBOPTVS10\ZIBOPT\ZIMPL\X64\DEBUG\ENTRY.OBJ
D:\LP_SOLVE_5.5\XLI\XLI_ZIMPL\ZIBOPTVS10\ZIBOPT\ZIMPL\X64\DEBUG\GETOPT.OBJ
D:\LP_SOLVE_5.5\XLI\XLI_ZIMPL\ZIBOPTVS10\ZIBOPT\ZIMPL\X64\DEBUG\GMPMISC.OBJ
D:\LP_SOLVE_5.5\XLI\XLI_ZIMPL\ZIBOPTVS10\ZIBOPT\ZIMPL\X64\DEBUG\HASH.OBJ
D:\LP_SOLVE_5.5\XLI\XLI_ZIMPL\ZIBOPTVS10\ZIBOPT\ZIMPL\X64\DEBUG\HEAP.OBJ
D:\LP_SOLVE_5.5\XLI\XLI_ZIMPL\ZIBOPTVS10\ZIBOPT\ZIMPL\X64\DEBUG\IDXSET.OBJ
D:\LP_SOLVE_5.5\XLI\XLI_ZIMPL\ZIBOPTVS10\ZIBOPT\ZIMPL\X64\DEBUG\INST.OBJ
D:\LP_SOLVE_5.5\XLI\XLI_ZIMPL\ZIBOPTVS10\ZIBOPT\ZIMPL\X64\DEBUG\IREAD.OBJ
D:\lp_solve_5.5\xli\xli_ZIMPL\ziboptVS10\zibopt\zimpl\x64\Debug\lib.command.1.tlog
D:\lp_solve_5.5\xli\xli_ZIMPL\ziboptVS10\zibopt\zimpl\x64\Debug\Lib-link.read.1.tlog
D:\lp_solve_5.5\xli\xli_ZIMPL\ziboptVS10\zibopt\zimpl\x64\Debug\Lib-link.write.1.tlog
D:\LP_SOLVE_5.5\XLI\XLI_ZIMPL\ZIBOPTVS10\ZIBOPT\ZIMPL\X64\DEBUG\LIST.OBJ
D:\LP_SOLVE_5.5\XLI\XLI_ZIMPL\ZIBOPTVS10\ZIBOPT\ZIMPL\X64\DEBUG\LOAD.OBJ
D:\LP_SOLVE_5.5\XLI\XLI_ZIMPL\ZIBOPTVS10\ZIBOPT\ZIMPL\X64\DEBUG\LOCAL.OBJ
D:\LP_SOLVE_5.5\XLI\XLI_ZIMPL\ZIBOPTVS10\ZIBOPT\ZIMPL\X64\DEBUG\METAIO.OBJ
D:\LP_SOLVE_5.5\XLI\XLI_ZIMPL\ZIBOPTVS10\ZIBOPT\ZIMPL\X64\DEBUG\MMLPARSE2.OBJ
D:\LP_SOLVE_5.5\XLI\XLI_ZIMPL\ZIBOPTVS10\ZIBOPT\ZIMPL\X64\DEBUG\MMLSCAN.OBJ
D:\LP_SOLVE_5.5\XLI\XLI_ZIMPL\ZIBOPTVS10\ZIBOPT\ZIMPL\X64\DEBUG\MONO.OBJ
D:\LP_SOLVE_5.5\XLI\XLI_ZIMPL\ZIBOPTVS10\ZIBOPT\ZIMPL\X64\DEBUG\MSHELL.OBJ
D:\LP_SOLVE_5.5\XLI\XLI_ZIMPL\ZIBOPTVS10\ZIBOPT\ZIMPL\X64\DEBUG\NUMBGMP.OBJ
D:\LP_SOLVE_5.5\XLI\XLI_ZIMPL\ZIBOPTVS10\ZIBOPT\ZIMPL\X64\DEBUG\PROG.OBJ
D:\LP_SOLVE_5.5\XLI\XLI_ZIMPL\ZIBOPTVS10\ZIBOPT\ZIMPL\X64\DEBUG\RANDOM.OBJ
D:\LP_SOLVE_5.5\XLI\XLI_ZIMPL\ZIBOPTVS10\ZIBOPT\ZIMPL\X64\DEBUG\RDEFPAR.OBJ
D:\LP_SOLVE_5.5\XLI\XLI_ZIMPL\ZIBOPTVS10\ZIBOPT\ZIMPL\X64\DEBUG\SET4.OBJ
D:\LP_SOLVE_5.5\XLI\XLI_ZIMPL\ZIBOPTVS10\ZIBOPT\ZIMPL\X64\DEBUG\SETEMPTY.OBJ
D:\LP_SOLVE_5.5\XLI\XLI_ZIMPL\ZIBOPTVS10\ZIBOPT\ZIMPL\X64\DEBUG\SETLIST.OBJ
D:\LP_SOLVE_5.5\XLI\XLI_ZIMPL\ZIBOPTVS10\ZIBOPT\ZIMPL\X64\DEBUG\SETMULTI.OBJ
D:\LP_SOLVE_5.5\XLI\XLI_ZIMPL\ZIBOPTVS10\ZIBOPT\ZIMPL\X64\DEBUG\SETPROD.OBJ
D:\LP_SOLVE_5.5\XLI\XLI_ZIMPL\ZIBOPTVS10\ZIBOPT\ZIMPL\X64\DEBUG\SETPSEUDO.OBJ
D:\LP_SOLVE_5.5\XLI\XLI_ZIMPL\ZIBOPTVS10\ZIBOPT\ZIMPL\X64\DEBUG\SETRANGE.OBJ
D:\LP_SOLVE_5.5\XLI\XLI_ZIMPL\ZIBOPTVS10\ZIBOPT\ZIMPL\X64\DEBUG\SOURCE.OBJ
D:\LP_SOLVE_5.5\XLI\XLI_ZIMPL\ZIBOPTVS10\ZIBOPT\ZIMPL\X64\DEBUG\STMT.OBJ
D:\LP_SOLVE_5.5\XLI\XLI_ZIMPL\ZIBOPTVS10\ZIBOPT\ZIMPL\X64\DEBUG\STRSTORE2.OBJ
D:\LP_SOLVE_5.5\XLI\XLI_ZIMPL\ZIBOPTVS10\ZIBOPT\ZIMPL\X64\DEBUG\SYMBOL.OBJ
D:\LP_SOLVE_5.5\XLI\XLI_ZIMPL\ZIBOPTVS10\ZIBOPT\ZIMPL\X64\DEBUG\TERM2.OBJ
D:\LP_SOLVE_5.5\XLI\XLI_ZIMPL\ZIBOPTVS10\ZIBOPT\ZIMPL\X64\DEBUG\TUPLE.OBJ
D:\LP_SOLVE_5.5\XLI\XLI_ZIMPL\ZIBOPTVS10\ZIBOPT\ZIMPL\X64\DEBUG\VINST.OBJ
D:\LP_SOLVE_5.5\XLI\XLI_ZIMPL\ZIBOPTVS10\ZIBOPT\ZIMPL\X64\DEBUG\X64\ZIMPLLIB.PDB
D:\LP_SOLVE_5.5\XLI\XLI_ZIMPL\ZIBOPTVS10\ZIBOPT\ZIMPL\X64\DEBUG\ZIMPLLIB.OBJ
