D:\LP_SOLVE_5.5\XLI\XLI_ZIMPL\ZIBOPTVS10\ZIBOPT\SCIP\LIB\OBJLIB\X64\RELEASE\LIBOBJSCIP.LIB
D:\lp_solve_5.5\xli\xli_ZIMPL\ziboptVS10\zibopt\scip\x64\Release\cl.command.1.tlog
D:\lp_solve_5.5\xli\xli_ZIMPL\ziboptVS10\zibopt\scip\x64\Release\CL.read.1.tlog
D:\lp_solve_5.5\xli\xli_ZIMPL\ziboptVS10\zibopt\scip\x64\Release\CL.write.1.tlog
D:\LP_SOLVE_5.5\XLI\XLI_ZIMPL\ZIBOPTVS10\ZIBOPT\SCIP\X64\RELEASE\INTERRUPT.OBJ
D:\LP_SOLVE_5.5\XLI\XLI_ZIMPL\ZIBOPTVS10\ZIBOPT\SCIP\X64\RELEASE\INTERVALARITH.OBJ
D:\lp_solve_5.5\xli\xli_ZIMPL\ziboptVS10\zibopt\scip\x64\Release\lib.command.1.tlog
D:\lp_solve_5.5\xli\xli_ZIMPL\ziboptVS10\zibopt\scip\x64\Release\Lib-link.read.1.tlog
D:\lp_solve_5.5\xli\xli_ZIMPL\ziboptVS10\zibopt\scip\x64\Release\Lib-link.write.1.tlog
D:\LP_SOLVE_5.5\XLI\XLI_ZIMPL\ZIBOPTVS10\ZIBOPT\SCIP\X64\RELEASE\LP.OBJ
D:\LP_SOLVE_5.5\XLI\XLI_ZIMPL\ZIBOPTVS10\ZIBOPT\SCIP\X64\RELEASE\MEM.OBJ
D:\LP_SOLVE_5.5\XLI\XLI_ZIMPL\ZIBOPTVS10\ZIBOPT\SCIP\X64\RELEASE\MISC.OBJ
D:\LP_SOLVE_5.5\XLI\XLI_ZIMPL\ZIBOPTVS10\ZIBOPT\SCIP\X64\RELEASE\NLP.OBJ
D:\LP_SOLVE_5.5\XLI\XLI_ZIMPL\ZIBOPTVS10\ZIBOPT\SCIP\X64\RELEASE\NODESEL.OBJ
D:\LP_SOLVE_5.5\XLI\XLI_ZIMPL\ZIBOPTVS10\ZIBOPT\SCIP\X64\RELEASE\NODESEL_BFS.OBJ
D:\LP_SOLVE_5.5\XLI\XLI_ZIMPL\ZIBOPTVS10\ZIBOPT\SCIP\X64\RELEASE\NODESEL_DFS.OBJ
D:\LP_SOLVE_5.5\XLI\XLI_ZIMPL\ZIBOPTVS10\ZIBOPT\SCIP\X64\RELEASE\NODESEL_ESTIMATE.OBJ
D:\LP_SOLVE_5.5\XLI\XLI_ZIMPL\ZIBOPTVS10\ZIBOPT\SCIP\X64\RELEASE\NODESEL_HYBRIDESTIM.OBJ
D:\LP_SOLVE_5.5\XLI\XLI_ZIMPL\ZIBOPTVS10\ZIBOPT\SCIP\X64\RELEASE\NODESEL_RESTARTDFS.OBJ
D:\LP_SOLVE_5.5\XLI\XLI_ZIMPL\ZIBOPTVS10\ZIBOPT\SCIP\X64\RELEASE\OBJBRANCHRULE.OBJ
D:\LP_SOLVE_5.5\XLI\XLI_ZIMPL\ZIBOPTVS10\ZIBOPT\SCIP\X64\RELEASE\OBJCONSHDLR.OBJ
D:\LP_SOLVE_5.5\XLI\XLI_ZIMPL\ZIBOPTVS10\ZIBOPT\SCIP\X64\RELEASE\OBJDIALOG.OBJ
D:\LP_SOLVE_5.5\XLI\XLI_ZIMPL\ZIBOPTVS10\ZIBOPT\SCIP\X64\RELEASE\OBJDISP.OBJ
D:\LP_SOLVE_5.5\XLI\XLI_ZIMPL\ZIBOPTVS10\ZIBOPT\SCIP\X64\RELEASE\OBJEVENTHDLR.OBJ
D:\LP_SOLVE_5.5\XLI\XLI_ZIMPL\ZIBOPTVS10\ZIBOPT\SCIP\X64\RELEASE\OBJHEUR.OBJ
D:\LP_SOLVE_5.5\XLI\XLI_ZIMPL\ZIBOPTVS10\ZIBOPT\SCIP\X64\RELEASE\OBJMESSAGEHDLR.OBJ
D:\LP_SOLVE_5.5\XLI\XLI_ZIMPL\ZIBOPTVS10\ZIBOPT\SCIP\X64\RELEASE\OBJNODESEL.OBJ
D:\LP_SOLVE_5.5\XLI\XLI_ZIMPL\ZIBOPTVS10\ZIBOPT\SCIP\X64\RELEASE\OBJPRESOL.OBJ
D:\LP_SOLVE_5.5\XLI\XLI_ZIMPL\ZIBOPTVS10\ZIBOPT\SCIP\X64\RELEASE\OBJPRICER.OBJ
D:\LP_SOLVE_5.5\XLI\XLI_ZIMPL\ZIBOPTVS10\ZIBOPT\SCIP\X64\RELEASE\OBJPROBDATA.OBJ
D:\LP_SOLVE_5.5\XLI\XLI_ZIMPL\ZIBOPTVS10\ZIBOPT\SCIP\X64\RELEASE\OBJPROP.OBJ
D:\LP_SOLVE_5.5\XLI\XLI_ZIMPL\ZIBOPTVS10\ZIBOPT\SCIP\X64\RELEASE\OBJREADER.OBJ
D:\LP_SOLVE_5.5\XLI\XLI_ZIMPL\ZIBOPTVS10\ZIBOPT\SCIP\X64\RELEASE\OBJRELAX.OBJ
D:\LP_SOLVE_5.5\XLI\XLI_ZIMPL\ZIBOPTVS10\ZIBOPT\SCIP\X64\RELEASE\OBJSEPA.OBJ
D:\LP_SOLVE_5.5\XLI\XLI_ZIMPL\ZIBOPTVS10\ZIBOPT\SCIP\X64\RELEASE\OBJVARDATA.OBJ
D:\LP_SOLVE_5.5\XLI\XLI_ZIMPL\ZIBOPTVS10\ZIBOPT\SCIP\X64\RELEASE\PARAMSET.OBJ
D:\LP_SOLVE_5.5\XLI\XLI_ZIMPL\ZIBOPTVS10\ZIBOPT\SCIP\X64\RELEASE\PRESOL.OBJ
D:\LP_SOLVE_5.5\XLI\XLI_ZIMPL\ZIBOPTVS10\ZIBOPT\SCIP\X64\RELEASE\PRESOL_BOUNDSHIFT.OBJ
D:\LP_SOLVE_5.5\XLI\XLI_ZIMPL\ZIBOPTVS10\ZIBOPT\SCIP\X64\RELEASE\PRESOL_DUALFIX.OBJ
D:\LP_SOLVE_5.5\XLI\XLI_ZIMPL\ZIBOPTVS10\ZIBOPT\SCIP\X64\RELEASE\PRESOL_IMPLICS.OBJ
D:\LP_SOLVE_5.5\XLI\XLI_ZIMPL\ZIBOPTVS10\ZIBOPT\SCIP\X64\RELEASE\PRESOL_INTTOBINARY.OBJ
D:\LP_SOLVE_5.5\XLI\XLI_ZIMPL\ZIBOPTVS10\ZIBOPT\SCIP\X64\RELEASE\PRESOL_PROBING.OBJ
D:\LP_SOLVE_5.5\XLI\XLI_ZIMPL\ZIBOPTVS10\ZIBOPT\SCIP\X64\RELEASE\PRESOL_TRIVIAL.OBJ
D:\LP_SOLVE_5.5\XLI\XLI_ZIMPL\ZIBOPTVS10\ZIBOPT\SCIP\X64\RELEASE\PRICER.OBJ
D:\LP_SOLVE_5.5\XLI\XLI_ZIMPL\ZIBOPTVS10\ZIBOPT\SCIP\X64\RELEASE\PRICESTORE.OBJ
D:\LP_SOLVE_5.5\XLI\XLI_ZIMPL\ZIBOPTVS10\ZIBOPT\SCIP\X64\RELEASE\PRIMAL.OBJ
D:\LP_SOLVE_5.5\XLI\XLI_ZIMPL\ZIBOPTVS10\ZIBOPT\SCIP\X64\RELEASE\PROB.OBJ
D:\LP_SOLVE_5.5\XLI\XLI_ZIMPL\ZIBOPTVS10\ZIBOPT\SCIP\X64\RELEASE\PROP.OBJ
D:\LP_SOLVE_5.5\XLI\XLI_ZIMPL\ZIBOPTVS10\ZIBOPT\SCIP\X64\RELEASE\PROP_PSEUDOOBJ.OBJ
D:\LP_SOLVE_5.5\XLI\XLI_ZIMPL\ZIBOPTVS10\ZIBOPT\SCIP\X64\RELEASE\PROP_ROOTREDCOST.OBJ
D:\LP_SOLVE_5.5\XLI\XLI_ZIMPL\ZIBOPTVS10\ZIBOPT\SCIP\X64\RELEASE\PROP_VBOUNDS.OBJ
D:\LP_SOLVE_5.5\XLI\XLI_ZIMPL\ZIBOPTVS10\ZIBOPT\SCIP\X64\RELEASE\READER.OBJ
D:\LP_SOLVE_5.5\XLI\XLI_ZIMPL\ZIBOPTVS10\ZIBOPT\SCIP\X64\RELEASE\READER_CCG.OBJ
D:\LP_SOLVE_5.5\XLI\XLI_ZIMPL\ZIBOPTVS10\ZIBOPT\SCIP\X64\RELEASE\READER_CIP.OBJ
D:\LP_SOLVE_5.5\XLI\XLI_ZIMPL\ZIBOPTVS10\ZIBOPT\SCIP\X64\RELEASE\READER_CNF.OBJ
D:\LP_SOLVE_5.5\XLI\XLI_ZIMPL\ZIBOPTVS10\ZIBOPT\SCIP\X64\RELEASE\READER_FIX.OBJ
D:\LP_SOLVE_5.5\XLI\XLI_ZIMPL\ZIBOPTVS10\ZIBOPT\SCIP\X64\RELEASE\READER_FZN.OBJ
D:\LP_SOLVE_5.5\XLI\XLI_ZIMPL\ZIBOPTVS10\ZIBOPT\SCIP\X64\RELEASE\READER_GMS.OBJ
D:\LP_SOLVE_5.5\XLI\XLI_ZIMPL\ZIBOPTVS10\ZIBOPT\SCIP\X64\RELEASE\READER_LP.OBJ
D:\LP_SOLVE_5.5\XLI\XLI_ZIMPL\ZIBOPTVS10\ZIBOPT\SCIP\X64\RELEASE\READER_MPS.OBJ
D:\LP_SOLVE_5.5\XLI\XLI_ZIMPL\ZIBOPTVS10\ZIBOPT\SCIP\X64\RELEASE\READER_OPB.OBJ
D:\LP_SOLVE_5.5\XLI\XLI_ZIMPL\ZIBOPTVS10\ZIBOPT\SCIP\X64\RELEASE\READER_PIP.OBJ
D:\LP_SOLVE_5.5\XLI\XLI_ZIMPL\ZIBOPTVS10\ZIBOPT\SCIP\X64\RELEASE\READER_PPM.OBJ
D:\LP_SOLVE_5.5\XLI\XLI_ZIMPL\ZIBOPTVS10\ZIBOPT\SCIP\X64\RELEASE\READER_RLP.OBJ
D:\LP_SOLVE_5.5\XLI\XLI_ZIMPL\ZIBOPTVS10\ZIBOPT\SCIP\X64\RELEASE\READER_SOL.OBJ
D:\LP_SOLVE_5.5\XLI\XLI_ZIMPL\ZIBOPTVS10\ZIBOPT\SCIP\X64\RELEASE\READER_WBO.OBJ
D:\LP_SOLVE_5.5\XLI\XLI_ZIMPL\ZIBOPTVS10\ZIBOPT\SCIP\X64\RELEASE\READER_ZPL.OBJ
D:\LP_SOLVE_5.5\XLI\XLI_ZIMPL\ZIBOPTVS10\ZIBOPT\SCIP\X64\RELEASE\RELAX.OBJ
D:\LP_SOLVE_5.5\XLI\XLI_ZIMPL\ZIBOPTVS10\ZIBOPT\SCIP\X64\RELEASE\RETCODE.OBJ
D:\LP_SOLVE_5.5\XLI\XLI_ZIMPL\ZIBOPTVS10\ZIBOPT\SCIP\X64\RELEASE\SCIP.OBJ
D:\LP_SOLVE_5.5\XLI\XLI_ZIMPL\ZIBOPTVS10\ZIBOPT\SCIP\X64\RELEASE\SCIPDEFPLUGINS.OBJ
D:\LP_SOLVE_5.5\XLI\XLI_ZIMPL\ZIBOPTVS10\ZIBOPT\SCIP\X64\RELEASE\SCIPSHELL.OBJ
D:\LP_SOLVE_5.5\XLI\XLI_ZIMPL\ZIBOPTVS10\ZIBOPT\SCIP\X64\RELEASE\SEPA.OBJ
D:\LP_SOLVE_5.5\XLI\XLI_ZIMPL\ZIBOPTVS10\ZIBOPT\SCIP\X64\RELEASE\SEPA_CGMIP.OBJ
D:\LP_SOLVE_5.5\XLI\XLI_ZIMPL\ZIBOPTVS10\ZIBOPT\SCIP\X64\RELEASE\SEPA_CLIQUE.OBJ
D:\LP_SOLVE_5.5\XLI\XLI_ZIMPL\ZIBOPTVS10\ZIBOPT\SCIP\X64\RELEASE\SEPA_CMIR.OBJ
D:\LP_SOLVE_5.5\XLI\XLI_ZIMPL\ZIBOPTVS10\ZIBOPT\SCIP\X64\RELEASE\SEPA_FLOWCOVER.OBJ
D:\LP_SOLVE_5.5\XLI\XLI_ZIMPL\ZIBOPTVS10\ZIBOPT\SCIP\X64\RELEASE\SEPA_GOMORY.OBJ
D:\LP_SOLVE_5.5\XLI\XLI_ZIMPL\ZIBOPTVS10\ZIBOPT\SCIP\X64\RELEASE\SEPA_IMPLIEDBOUNDS.OBJ
D:\LP_SOLVE_5.5\XLI\XLI_ZIMPL\ZIBOPTVS10\ZIBOPT\SCIP\X64\RELEASE\SEPA_INTOBJ.OBJ
D:\LP_SOLVE_5.5\XLI\XLI_ZIMPL\ZIBOPTVS10\ZIBOPT\SCIP\X64\RELEASE\SEPA_MCF.OBJ
D:\LP_SOLVE_5.5\XLI\XLI_ZIMPL\ZIBOPTVS10\ZIBOPT\SCIP\X64\RELEASE\SEPA_ODDCYCLE.OBJ
D:\LP_SOLVE_5.5\XLI\XLI_ZIMPL\ZIBOPTVS10\ZIBOPT\SCIP\X64\RELEASE\SEPA_RAPIDLEARNING.OBJ
D:\LP_SOLVE_5.5\XLI\XLI_ZIMPL\ZIBOPTVS10\ZIBOPT\SCIP\X64\RELEASE\SEPA_REDCOST.OBJ
D:\LP_SOLVE_5.5\XLI\XLI_ZIMPL\ZIBOPTVS10\ZIBOPT\SCIP\X64\RELEASE\SEPA_STRONGCG.OBJ
D:\LP_SOLVE_5.5\XLI\XLI_ZIMPL\ZIBOPTVS10\ZIBOPT\SCIP\X64\RELEASE\SEPA_ZEROHALF.OBJ
D:\LP_SOLVE_5.5\XLI\XLI_ZIMPL\ZIBOPTVS10\ZIBOPT\SCIP\X64\RELEASE\SEPASTORE.OBJ
D:\LP_SOLVE_5.5\XLI\XLI_ZIMPL\ZIBOPTVS10\ZIBOPT\SCIP\X64\RELEASE\SET.OBJ
D:\LP_SOLVE_5.5\XLI\XLI_ZIMPL\ZIBOPTVS10\ZIBOPT\SCIP\X64\RELEASE\SOL.OBJ
D:\LP_SOLVE_5.5\XLI\XLI_ZIMPL\ZIBOPTVS10\ZIBOPT\SCIP\X64\RELEASE\SOLVE.OBJ
D:\LP_SOLVE_5.5\XLI\XLI_ZIMPL\ZIBOPTVS10\ZIBOPT\SCIP\X64\RELEASE\STAT.OBJ
D:\LP_SOLVE_5.5\XLI\XLI_ZIMPL\ZIBOPTVS10\ZIBOPT\SCIP\X64\RELEASE\TCLIQUE_BRANCH.OBJ
D:\LP_SOLVE_5.5\XLI\XLI_ZIMPL\ZIBOPTVS10\ZIBOPT\SCIP\X64\RELEASE\TCLIQUE_COLORING.OBJ
D:\LP_SOLVE_5.5\XLI\XLI_ZIMPL\ZIBOPTVS10\ZIBOPT\SCIP\X64\RELEASE\TCLIQUE_GRAPH.OBJ
D:\LP_SOLVE_5.5\XLI\XLI_ZIMPL\ZIBOPTVS10\ZIBOPT\SCIP\X64\RELEASE\TREE.OBJ
D:\LP_SOLVE_5.5\XLI\XLI_ZIMPL\ZIBOPTVS10\ZIBOPT\SCIP\X64\RELEASE\VAR.OBJ
D:\LP_SOLVE_5.5\XLI\XLI_ZIMPL\ZIBOPTVS10\ZIBOPT\SCIP\X64\RELEASE\VBC.OBJ
D:\LP_SOLVE_5.5\XLI\XLI_ZIMPL\ZIBOPTVS10\ZIBOPT\SCIP\X64\RELEASE\VC100.PDB
D:\LP_SOLVE_5.5\XLI\XLI_ZIMPL\ZIBOPTVS10\ZIBOPT\SCIP\X64\RELEASE\XMLPARSE.OBJ
