Build started 19-11-10 21:55:57.
     1>Project "D:\lp_solve_5.5\xli\xli_ZIMPL\ziboptVS10\zibopt\scip\binscip.vcxproj" on node 3 (build target(s)).
     1>InitializeBuildStatus:
         Creating "x64\Release\binscip.unsuccessfulbuild" because "AlwaysCreate" was specified.
       ClCompile:
         All outputs are up-to-date.
     1>C:\Program Files\MSBuild\Microsoft.Cpp\v4.0\Microsoft.CppBuild.targets(990,5): warning MSB8012: TargetPath(D:\lp_solve_5.5\xli\xli_ZIMPL\ziboptVS10\x64\Release\binscip.exe) does not match the Linker's OutputFile property value (D:\lp_solve_5.5\xli\xli_ZIMPL\ziboptVS10\x64\Release\binscip_x64.exe). This may cause your project to build incorrectly. To correct this, please make sure that $(OutDir), $(TargetName) and $(TargetExt) property values match the value specified in %(Link.OutputFile).
     1>C:\Program Files\MSBuild\Microsoft.Cpp\v4.0\Microsoft.CppBuild.targets(992,5): warning MSB8012: TargetName(binscip) does not match the Linker's OutputFile property value (binscip_x64). This may cause your project to build incorrectly. To correct this, please make sure that $(OutDir), $(TargetName) and $(TargetExt) property values match the value specified in %(Link.OutputFile).
       Link:
         C:\Program Files\Microsoft Visual Studio 10.0\VC\bin\x86_amd64\link.exe /ERRORREPORT:PROMPT /OUT:"D:\lp_solve_5.5\xli\xli_ZIMPL\ziboptVS10\x64\Release\binscip_x64.exe" /NOLOGO /LIBPATH:..\..\x64\release /LIBPATH:..\..\thirdparty\gmp\lib\x64\release /LIBPATH:..\..\thirdparty\pcre\lib\x64\release /LIBPATH:lib\x64\release /LIBPATH:lib\lpspxlib\x64\release /LIBPATH:..\..\thirdparty\zlib\lib\x64\release /LIBPATH:..\soplex\lib\x64\release /LIBPATH:..\zimpl\lib\x64\release /LIBPATH:lib\nlplib\x64\release /LIBPATH:lib\objlib\x64\release /LIBPATH:lib\sciplib\x64\release libgmp.lib libzimpl.lib libz.lib libpcre.lib libsoplex.lib liblpispx.lib libnlpi.lib libscip.lib libobjscip.lib kernel32.lib user32.lib gdi32.lib winspool.lib comdlg32.lib advapi32.lib shell32.lib ole32.lib oleaut32.lib uuid.lib odbc32.lib odbccp32.lib /MANIFEST /ManifestFile:"x64\Release\binscip.exe.intermediate.manifest" /MANIFESTUAC:"level='asInvoker' uiAccess='false'" /PDB:"D:\lp_solve_5.5\xli\xli_ZIMPL\ziboptVS10\x64\Release\binscip.pdb" /OPT:REF /OPT:ICF /LTCG /TLBID:1 /DYNAMICBASE /NXCOMPAT /IMPLIB:"D:\lp_solve_5.5\xli\xli_ZIMPL\ziboptVS10\x64\Release\binscip.lib" /MACHINE:X64 x64\Release\cppmain.obj
         Generating code
         Finished generating code
         binscip.vcxproj -> D:\lp_solve_5.5\xli\xli_ZIMPL\ziboptVS10\x64\Release\binscip.exe
       Manifest:
         C:\Program Files\Microsoft SDKs\Windows\v7.0A\bin\mt.exe /nologo /verbose /outputresource:"D:\lp_solve_5.5\xli\xli_ZIMPL\ziboptVS10\x64\Release\binscip_x64.exe;#1" /manifest x64\Release\binscip.exe.intermediate.manifest
       FinalizeBuildStatus:
         Deleting file "x64\Release\binscip.unsuccessfulbuild".
         Touching "x64\Release\binscip.lastbuildstate".
     1>Done Building Project "D:\lp_solve_5.5\xli\xli_ZIMPL\ziboptVS10\zibopt\scip\binscip.vcxproj" (build target(s)).

Build succeeded.

Time Elapsed 00:01:10.15
