D:\LP_SOLVE_5.5\XLI\XLI_ZIMPL\ZIBOPTVS10\ZIBOPT\SCIP\LIB\NLPLIB\X64\RELEASE\LIBNLPI.LIB
D:\lp_solve_5.5\xli\xli_ZIMPL\ziboptVS10\zibopt\scip\x64\Release\cl.command.1.tlog
D:\lp_solve_5.5\xli\xli_ZIMPL\ziboptVS10\zibopt\scip\x64\Release\CL.read.1.tlog
D:\lp_solve_5.5\xli\xli_ZIMPL\ziboptVS10\zibopt\scip\x64\Release\CL.write.1.tlog
D:\LP_SOLVE_5.5\XLI\XLI_ZIMPL\ZIBOPTVS10\ZIBOPT\SCIP\X64\RELEASE\EXPRINTERPRET_NONE.OBJ
D:\lp_solve_5.5\xli\xli_ZIMPL\ziboptVS10\zibopt\scip\x64\Release\heur_objpscostdiving.obj
D:\lp_solve_5.5\xli\xli_ZIMPL\ziboptVS10\zibopt\scip\x64\Release\heur_octane.obj
D:\lp_solve_5.5\xli\xli_ZIMPL\ziboptVS10\zibopt\scip\x64\Release\heur_oneopt.obj
D:\lp_solve_5.5\xli\xli_ZIMPL\ziboptVS10\zibopt\scip\x64\Release\heur_pscostdiving.obj
D:\lp_solve_5.5\xli\xli_ZIMPL\ziboptVS10\zibopt\scip\x64\Release\heur_rens.obj
D:\lp_solve_5.5\xli\xli_ZIMPL\ziboptVS10\zibopt\scip\x64\Release\heur_rins.obj
D:\lp_solve_5.5\xli\xli_ZIMPL\ziboptVS10\zibopt\scip\x64\Release\heur_rootsoldiving.obj
D:\lp_solve_5.5\xli\xli_ZIMPL\ziboptVS10\zibopt\scip\x64\Release\heur_rounding.obj
D:\lp_solve_5.5\xli\xli_ZIMPL\ziboptVS10\zibopt\scip\x64\Release\heur_shiftandpropagate.obj
D:\lp_solve_5.5\xli\xli_ZIMPL\ziboptVS10\zibopt\scip\x64\Release\heur_shifting.obj
D:\lp_solve_5.5\xli\xli_ZIMPL\ziboptVS10\zibopt\scip\x64\Release\heur_simplerounding.obj
D:\lp_solve_5.5\xli\xli_ZIMPL\ziboptVS10\zibopt\scip\x64\Release\heur_subnlp.obj
D:\lp_solve_5.5\xli\xli_ZIMPL\ziboptVS10\zibopt\scip\x64\Release\heur_trivial.obj
D:\lp_solve_5.5\xli\xli_ZIMPL\ziboptVS10\zibopt\scip\x64\Release\heur_trysol.obj
D:\lp_solve_5.5\xli\xli_ZIMPL\ziboptVS10\zibopt\scip\x64\Release\heur_twoopt.obj
D:\lp_solve_5.5\xli\xli_ZIMPL\ziboptVS10\zibopt\scip\x64\Release\heur_undercover.obj
D:\lp_solve_5.5\xli\xli_ZIMPL\ziboptVS10\zibopt\scip\x64\Release\heur_veclendiving.obj
D:\lp_solve_5.5\xli\xli_ZIMPL\ziboptVS10\zibopt\scip\x64\Release\heur_zirounding.obj
D:\lp_solve_5.5\xli\xli_ZIMPL\ziboptVS10\zibopt\scip\x64\Release\history.obj
D:\lp_solve_5.5\xli\xli_ZIMPL\ziboptVS10\zibopt\scip\x64\Release\implics.obj
D:\LP_SOLVE_5.5\XLI\XLI_ZIMPL\ZIBOPTVS10\ZIBOPT\SCIP\X64\RELEASE\INTERRUPT.OBJ
D:\LP_SOLVE_5.5\XLI\XLI_ZIMPL\ZIBOPTVS10\ZIBOPT\SCIP\X64\RELEASE\INTERVALARITH.OBJ
D:\lp_solve_5.5\xli\xli_ZIMPL\ziboptVS10\zibopt\scip\x64\Release\lib.command.1.tlog
D:\lp_solve_5.5\xli\xli_ZIMPL\ziboptVS10\zibopt\scip\x64\Release\Lib-link.read.1.tlog
D:\lp_solve_5.5\xli\xli_ZIMPL\ziboptVS10\zibopt\scip\x64\Release\Lib-link.write.1.tlog
D:\LP_SOLVE_5.5\XLI\XLI_ZIMPL\ZIBOPTVS10\ZIBOPT\SCIP\X64\RELEASE\MEMORY.OBJ
D:\LP_SOLVE_5.5\XLI\XLI_ZIMPL\ZIBOPTVS10\ZIBOPT\SCIP\X64\RELEASE\MESSAGE.OBJ
D:\LP_SOLVE_5.5\XLI\XLI_ZIMPL\ZIBOPTVS10\ZIBOPT\SCIP\X64\RELEASE\MISC.OBJ
D:\LP_SOLVE_5.5\XLI\XLI_ZIMPL\ZIBOPTVS10\ZIBOPT\SCIP\X64\RELEASE\NLPI.OBJ
D:\LP_SOLVE_5.5\XLI\XLI_ZIMPL\ZIBOPTVS10\ZIBOPT\SCIP\X64\RELEASE\NLPI_IPOPT_DUMMY.OBJ
D:\LP_SOLVE_5.5\XLI\XLI_ZIMPL\ZIBOPTVS10\ZIBOPT\SCIP\X64\RELEASE\NLPIEXPRESSION.OBJ
D:\LP_SOLVE_5.5\XLI\XLI_ZIMPL\ZIBOPTVS10\ZIBOPT\SCIP\X64\RELEASE\NLPIORACLE.OBJ
D:\LP_SOLVE_5.5\XLI\XLI_ZIMPL\ZIBOPTVS10\ZIBOPT\SCIP\X64\RELEASE\VC100.PDB
