D:\lp_solve_5.5\xli\xli_ZIMPL\ziboptVS10\zibopt\scip\Debug\heur_intdiving.obj
D:\lp_solve_5.5\xli\xli_ZIMPL\ziboptVS10\zibopt\scip\Debug\heur_intshifting.obj
D:\lp_solve_5.5\xli\xli_ZIMPL\ziboptVS10\zibopt\scip\Debug\heur_linesearchdiving.obj
D:\lp_solve_5.5\xli\xli_ZIMPL\ziboptVS10\zibopt\scip\Debug\heur_localbranching.obj
D:\lp_solve_5.5\xli\xli_ZIMPL\ziboptVS10\zibopt\scip\Debug\heur_mutation.obj
D:\lp_solve_5.5\xli\xli_ZIMPL\ziboptVS10\zibopt\scip\Debug\heur_objpscostdiving.obj
D:\lp_solve_5.5\xli\xli_ZIMPL\ziboptVS10\zibopt\scip\Debug\heur_octane.obj
D:\lp_solve_5.5\xli\xli_ZIMPL\ziboptVS10\zibopt\scip\Debug\heur_oneopt.obj
D:\lp_solve_5.5\xli\xli_ZIMPL\ziboptVS10\zibopt\scip\Debug\heur_pscostdiving.obj
D:\lp_solve_5.5\xli\xli_ZIMPL\ziboptVS10\zibopt\scip\Debug\heur_rens.obj
D:\lp_solve_5.5\xli\xli_ZIMPL\ziboptVS10\zibopt\scip\Debug\heur_rins.obj
D:\lp_solve_5.5\xli\xli_ZIMPL\ziboptVS10\zibopt\scip\Debug\heur_rootsoldiving.obj
D:\lp_solve_5.5\xli\xli_ZIMPL\ziboptVS10\zibopt\scip\Debug\heur_rounding.obj
D:\lp_solve_5.5\xli\xli_ZIMPL\ziboptVS10\zibopt\scip\Debug\heur_shiftandpropagate.obj
D:\lp_solve_5.5\xli\xli_ZIMPL\ziboptVS10\zibopt\scip\Debug\heur_shifting.obj
D:\lp_solve_5.5\xli\xli_ZIMPL\ziboptVS10\zibopt\scip\Debug\heur_simplerounding.obj
D:\lp_solve_5.5\xli\xli_ZIMPL\ziboptVS10\zibopt\scip\Debug\heur_subnlp.obj
D:\lp_solve_5.5\xli\xli_ZIMPL\ziboptVS10\zibopt\scip\Debug\heur_trivial.obj
D:\lp_solve_5.5\xli\xli_ZIMPL\ziboptVS10\zibopt\scip\Debug\heur_trysol.obj
D:\lp_solve_5.5\xli\xli_ZIMPL\ziboptVS10\zibopt\scip\Debug\heur_twoopt.obj
D:\lp_solve_5.5\xli\xli_ZIMPL\ziboptVS10\zibopt\scip\Debug\heur_undercover.obj
D:\lp_solve_5.5\xli\xli_ZIMPL\ziboptVS10\zibopt\scip\Debug\heur_veclendiving.obj
D:\lp_solve_5.5\xli\xli_ZIMPL\ziboptVS10\zibopt\scip\Debug\heur_zirounding.obj
D:\lp_solve_5.5\xli\xli_ZIMPL\ziboptVS10\zibopt\scip\Debug\history.obj
D:\lp_solve_5.5\xli\xli_ZIMPL\ziboptVS10\zibopt\scip\Debug\implics.obj
D:\lp_solve_5.5\xli\xli_ZIMPL\ziboptVS10\zibopt\scip\Debug\interrupt.obj
D:\lp_solve_5.5\xli\xli_ZIMPL\ziboptVS10\zibopt\scip\Debug\intervalarith.obj
D:\lp_solve_5.5\xli\xli_ZIMPL\ziboptVS10\zibopt\scip\Debug\lp.obj
D:\lp_solve_5.5\xli\xli_ZIMPL\ziboptVS10\zibopt\scip\Debug\mem.obj
D:\lp_solve_5.5\xli\xli_ZIMPL\ziboptVS10\zibopt\scip\Debug\misc.obj
D:\lp_solve_5.5\xli\xli_ZIMPL\ziboptVS10\zibopt\scip\Debug\nlp.obj
D:\lp_solve_5.5\xli\xli_ZIMPL\ziboptVS10\zibopt\scip\Debug\nodesel.obj
D:\lp_solve_5.5\xli\xli_ZIMPL\ziboptVS10\zibopt\scip\Debug\nodesel_bfs.obj
D:\lp_solve_5.5\xli\xli_ZIMPL\ziboptVS10\zibopt\scip\Debug\nodesel_dfs.obj
D:\lp_solve_5.5\xli\xli_ZIMPL\ziboptVS10\zibopt\scip\Debug\nodesel_estimate.obj
D:\lp_solve_5.5\xli\xli_ZIMPL\ziboptVS10\zibopt\scip\Debug\nodesel_hybridestim.obj
D:\lp_solve_5.5\xli\xli_ZIMPL\ziboptVS10\zibopt\scip\Debug\nodesel_restartdfs.obj
D:\lp_solve_5.5\xli\xli_ZIMPL\ziboptVS10\zibopt\scip\Debug\paramset.obj
D:\lp_solve_5.5\xli\xli_ZIMPL\ziboptVS10\zibopt\scip\Debug\presol.obj
D:\lp_solve_5.5\xli\xli_ZIMPL\ziboptVS10\zibopt\scip\Debug\presol_boundshift.obj
D:\lp_solve_5.5\xli\xli_ZIMPL\ziboptVS10\zibopt\scip\Debug\presol_dualfix.obj
D:\lp_solve_5.5\xli\xli_ZIMPL\ziboptVS10\zibopt\scip\Debug\presol_implics.obj
D:\lp_solve_5.5\xli\xli_ZIMPL\ziboptVS10\zibopt\scip\Debug\presol_inttobinary.obj
D:\lp_solve_5.5\xli\xli_ZIMPL\ziboptVS10\zibopt\scip\Debug\presol_probing.obj
D:\lp_solve_5.5\xli\xli_ZIMPL\ziboptVS10\zibopt\scip\Debug\presol_trivial.obj
D:\lp_solve_5.5\xli\xli_ZIMPL\ziboptVS10\zibopt\scip\Debug\pricer.obj
D:\lp_solve_5.5\xli\xli_ZIMPL\ziboptVS10\zibopt\scip\Debug\pricestore.obj
D:\lp_solve_5.5\xli\xli_ZIMPL\ziboptVS10\zibopt\scip\Debug\primal.obj
D:\lp_solve_5.5\xli\xli_ZIMPL\ziboptVS10\zibopt\scip\Debug\prob.obj
D:\lp_solve_5.5\xli\xli_ZIMPL\ziboptVS10\zibopt\scip\Debug\prop.obj
D:\lp_solve_5.5\xli\xli_ZIMPL\ziboptVS10\zibopt\scip\Debug\prop_pseudoobj.obj
D:\lp_solve_5.5\xli\xli_ZIMPL\ziboptVS10\zibopt\scip\Debug\prop_rootredcost.obj
D:\lp_solve_5.5\xli\xli_ZIMPL\ziboptVS10\zibopt\scip\Debug\prop_vbounds.obj
D:\lp_solve_5.5\xli\xli_ZIMPL\ziboptVS10\zibopt\scip\Debug\reader.obj
D:\lp_solve_5.5\xli\xli_ZIMPL\ziboptVS10\zibopt\scip\Debug\reader_ccg.obj
D:\lp_solve_5.5\xli\xli_ZIMPL\ziboptVS10\zibopt\scip\Debug\reader_cip.obj
D:\lp_solve_5.5\xli\xli_ZIMPL\ziboptVS10\zibopt\scip\Debug\reader_cnf.obj
D:\lp_solve_5.5\xli\xli_ZIMPL\ziboptVS10\zibopt\scip\Debug\reader_fix.obj
D:\lp_solve_5.5\xli\xli_ZIMPL\ziboptVS10\zibopt\scip\Debug\reader_fzn.obj
D:\lp_solve_5.5\xli\xli_ZIMPL\ziboptVS10\zibopt\scip\Debug\reader_gms.obj
D:\lp_solve_5.5\xli\xli_ZIMPL\ziboptVS10\zibopt\scip\Debug\reader_lp.obj
D:\lp_solve_5.5\xli\xli_ZIMPL\ziboptVS10\zibopt\scip\Debug\reader_mps.obj
D:\lp_solve_5.5\xli\xli_ZIMPL\ziboptVS10\zibopt\scip\Debug\reader_opb.obj
D:\lp_solve_5.5\xli\xli_ZIMPL\ziboptVS10\zibopt\scip\Debug\reader_pip.obj
D:\lp_solve_5.5\xli\xli_ZIMPL\ziboptVS10\zibopt\scip\Debug\reader_ppm.obj
D:\lp_solve_5.5\xli\xli_ZIMPL\ziboptVS10\zibopt\scip\Debug\reader_rlp.obj
D:\lp_solve_5.5\xli\xli_ZIMPL\ziboptVS10\zibopt\scip\Debug\reader_sol.obj
D:\lp_solve_5.5\xli\xli_ZIMPL\ziboptVS10\zibopt\scip\Debug\reader_wbo.obj
D:\lp_solve_5.5\xli\xli_ZIMPL\ziboptVS10\zibopt\scip\Debug\reader_zpl.obj
D:\lp_solve_5.5\xli\xli_ZIMPL\ziboptVS10\zibopt\scip\Debug\relax.obj
D:\lp_solve_5.5\xli\xli_ZIMPL\ziboptVS10\zibopt\scip\Debug\retcode.obj
D:\lp_solve_5.5\xli\xli_ZIMPL\ziboptVS10\zibopt\scip\Debug\scip.obj
D:\lp_solve_5.5\xli\xli_ZIMPL\ziboptVS10\zibopt\scip\Debug\scipdefplugins.obj
D:\lp_solve_5.5\xli\xli_ZIMPL\ziboptVS10\zibopt\scip\Debug\scipshell.obj
D:\lp_solve_5.5\xli\xli_ZIMPL\ziboptVS10\zibopt\scip\Debug\sepa.obj
D:\lp_solve_5.5\xli\xli_ZIMPL\ziboptVS10\zibopt\scip\Debug\sepa_cgmip.obj
D:\lp_solve_5.5\xli\xli_ZIMPL\ziboptVS10\zibopt\scip\Debug\sepa_clique.obj
D:\lp_solve_5.5\xli\xli_ZIMPL\ziboptVS10\zibopt\scip\Debug\sepa_cmir.obj
D:\lp_solve_5.5\xli\xli_ZIMPL\ziboptVS10\zibopt\scip\Debug\sepa_flowcover.obj
D:\lp_solve_5.5\xli\xli_ZIMPL\ziboptVS10\zibopt\scip\Debug\sepa_gomory.obj
D:\lp_solve_5.5\xli\xli_ZIMPL\ziboptVS10\zibopt\scip\Debug\sepa_impliedbounds.obj
D:\lp_solve_5.5\xli\xli_ZIMPL\ziboptVS10\zibopt\scip\Debug\sepa_intobj.obj
D:\lp_solve_5.5\xli\xli_ZIMPL\ziboptVS10\zibopt\scip\Debug\sepa_mcf.obj
D:\lp_solve_5.5\xli\xli_ZIMPL\ziboptVS10\zibopt\scip\Debug\sepa_oddcycle.obj
D:\lp_solve_5.5\xli\xli_ZIMPL\ziboptVS10\zibopt\scip\Debug\sepa_rapidlearning.obj
D:\lp_solve_5.5\xli\xli_ZIMPL\ziboptVS10\zibopt\scip\Debug\sepa_redcost.obj
D:\lp_solve_5.5\xli\xli_ZIMPL\ziboptVS10\zibopt\scip\Debug\sepa_strongcg.obj
D:\lp_solve_5.5\xli\xli_ZIMPL\ziboptVS10\zibopt\scip\Debug\sepa_zerohalf.obj
D:\lp_solve_5.5\xli\xli_ZIMPL\ziboptVS10\zibopt\scip\Debug\sepastore.obj
D:\lp_solve_5.5\xli\xli_ZIMPL\ziboptVS10\zibopt\scip\Debug\set.obj
D:\lp_solve_5.5\xli\xli_ZIMPL\ziboptVS10\zibopt\scip\Debug\sol.obj
D:\lp_solve_5.5\xli\xli_ZIMPL\ziboptVS10\zibopt\scip\Debug\solve.obj
D:\lp_solve_5.5\xli\xli_ZIMPL\ziboptVS10\zibopt\scip\Debug\stat.obj
D:\lp_solve_5.5\xli\xli_ZIMPL\ziboptVS10\zibopt\scip\Debug\tclique_branch.obj
D:\lp_solve_5.5\xli\xli_ZIMPL\ziboptVS10\zibopt\scip\Debug\tclique_coloring.obj
D:\lp_solve_5.5\xli\xli_ZIMPL\ziboptVS10\zibopt\scip\Debug\tclique_graph.obj
D:\lp_solve_5.5\xli\xli_ZIMPL\ziboptVS10\zibopt\scip\Debug\tree.obj
D:\lp_solve_5.5\xli\xli_ZIMPL\ziboptVS10\zibopt\scip\Debug\var.obj
D:\lp_solve_5.5\xli\xli_ZIMPL\ziboptVS10\zibopt\scip\Debug\vbc.obj
D:\lp_solve_5.5\xli\xli_ZIMPL\ziboptVS10\zibopt\scip\Debug\xmlparse.obj
