Build started 19-11-10 20:57:12.
     1>Project "D:\lp_solve_5.5\xli\xli_ZIMPL\ziboptVS10\zibopt\scip\binscip.vcxproj" on node 2 (build target(s)).
     1>InitializeBuildStatus:
         Touching "x64\Debug\binscip.unsuccessfulbuild".
       ClCompile:
         All outputs are up-to-date.
     1>C:\Program Files\MSBuild\Microsoft.Cpp\v4.0\Microsoft.CppBuild.targets(990,5): warning MSB8012: TargetPath(D:\lp_solve_5.5\xli\xli_ZIMPL\ziboptVS10\x64\Debug\binscip.exe) does not match the Linker's OutputFile property value (D:\lp_solve_5.5\xli\xli_ZIMPL\ziboptVS10\x64\Debug\binscip_x64.exe). This may cause your project to build incorrectly. To correct this, please make sure that $(OutDir), $(TargetName) and $(TargetExt) property values match the value specified in %(Link.OutputFile).
     1>C:\Program Files\MSBuild\Microsoft.Cpp\v4.0\Microsoft.CppBuild.targets(992,5): warning MSB8012: TargetName(binscip) does not match the Linker's OutputFile property value (binscip_x64). This may cause your project to build incorrectly. To correct this, please make sure that $(OutDir), $(TargetName) and $(TargetExt) property values match the value specified in %(Link.OutputFile).
       Link:
         C:\Program Files\Microsoft Visual Studio 10.0\VC\bin\x86_amd64\link.exe /ERRORREPORT:PROMPT /OUT:"D:\lp_solve_5.5\xli\xli_ZIMPL\ziboptVS10\x64\Debug\binscip_x64.exe" /NOLOGO /LIBPATH:..\..\x64\debug /LIBPATH:..\..\thirdparty\gmp\lib\x64\debug /LIBPATH:..\..\thirdparty\pcre\lib\x64\debug /LIBPATH:..\..\thirdparty\zlib\x64 /LIBPATH:lib\x64\debug /LIBPATH:lib\lpspxlib\x64\debug /LIBPATH:..\..\thirdparty\zlib\lib\x64\debug /LIBPATH:..\soplex\lib\x64\debug /LIBPATH:..\zimpl\lib\x64\debug /LIBPATH:lib\nlplib\x64\debug /LIBPATH:lib\objlib\x64\debug /LIBPATH:lib\sciplib\x64\debug libgmp.lib libzimpl.lib libz.lib libpcre.lib libsoplex.lib liblpispx.lib libnlpi.lib libscip.lib libobjscip.lib kernel32.lib user32.lib gdi32.lib winspool.lib comdlg32.lib advapi32.lib shell32.lib ole32.lib oleaut32.lib uuid.lib odbc32.lib odbccp32.lib /MANIFEST /ManifestFile:"x64\Debug\binscip.exe.intermediate.manifest" /MANIFESTUAC:"level='asInvoker' uiAccess='false'" /DEBUG /PDB:"D:\lp_solve_5.5\xli\xli_ZIMPL\ziboptVS10\x64\Debug\binscip.pdb" /TLBID:1 /DYNAMICBASE /NXCOMPAT /IMPLIB:"D:\lp_solve_5.5\xli\xli_ZIMPL\ziboptVS10\x64\Debug\binscip.lib" /MACHINE:X64 x64\Debug\cppmain.obj
     1>MSVCRTD.lib(cinitexe.obj) : warning LNK4098: defaultlib 'libcmtd.lib' conflicts with use of other libs; use /NODEFAULTLIB:library
     1>libgmp.lib(add.obj) : warning LNK4099: PDB 'vc100.pdb' was not found with 'libgmp.lib(add.obj)' or at 'D:\lp_solve_5.5\xli\xli_ZIMPL\ziboptVS10\x64\Debug\vc100.pdb'; linking object as if no debug info
     1>libgmp.lib(add_ui.obj) : warning LNK4099: PDB 'vc100.pdb' was not found with 'libgmp.lib(add_ui.obj)' or at 'D:\lp_solve_5.5\xli\xli_ZIMPL\ziboptVS10\x64\Debug\vc100.pdb'; linking object as if no debug info
     1>libgmp.lib(cdiv_q.obj) : warning LNK4099: PDB 'vc100.pdb' was not found with 'libgmp.lib(cdiv_q.obj)' or at 'D:\lp_solve_5.5\xli\xli_ZIMPL\ziboptVS10\x64\Debug\vc100.pdb'; linking object as if no debug info
     1>libgmp.lib(clear.obj) : warning LNK4099: PDB 'vc100.pdb' was not found with 'libgmp.lib(clear.obj)' or at 'D:\lp_solve_5.5\xli\xli_ZIMPL\ziboptVS10\x64\Debug\vc100.pdb'; linking object as if no debug info
     1>libgmp.lib(cmp_ui.obj) : warning LNK4099: PDB 'vc100.pdb' was not found with 'libgmp.lib(cmp_ui.obj)' or at 'D:\lp_solve_5.5\xli\xli_ZIMPL\ziboptVS10\x64\Debug\vc100.pdb'; linking object as if no debug info
     1>libgmp.lib(divegcd.obj) : warning LNK4099: PDB 'vc100.pdb' was not found with 'libgmp.lib(divegcd.obj)' or at 'D:\lp_solve_5.5\xli\xli_ZIMPL\ziboptVS10\x64\Debug\vc100.pdb'; linking object as if no debug info
     1>libgmp.lib(divexact.obj) : warning LNK4099: PDB 'vc100.pdb' was not found with 'libgmp.lib(divexact.obj)' or at 'D:\lp_solve_5.5\xli\xli_ZIMPL\ziboptVS10\x64\Debug\vc100.pdb'; linking object as if no debug info
     1>libgmp.lib(fac_ui.obj) : warning LNK4099: PDB 'vc100.pdb' was not found with 'libgmp.lib(fac_ui.obj)' or at 'D:\lp_solve_5.5\xli\xli_ZIMPL\ziboptVS10\x64\Debug\vc100.pdb'; linking object as if no debug info
     1>libgmp.lib(fdiv_q.obj) : warning LNK4099: PDB 'vc100.pdb' was not found with 'libgmp.lib(fdiv_q.obj)' or at 'D:\lp_solve_5.5\xli\xli_ZIMPL\ziboptVS10\x64\Debug\vc100.pdb'; linking object as if no debug info
     1>libgmp.lib(fits_sint.obj) : warning LNK4099: PDB 'vc100.pdb' was not found with 'libgmp.lib(fits_sint.obj)' or at 'D:\lp_solve_5.5\xli\xli_ZIMPL\ziboptVS10\x64\Debug\vc100.pdb'; linking object as if no debug info
     1>libgmp.lib(gcd.obj) : warning LNK4099: PDB 'vc100.pdb' was not found with 'libgmp.lib(gcd.obj)' or at 'D:\lp_solve_5.5\xli\xli_ZIMPL\ziboptVS10\x64\Debug\vc100.pdb'; linking object as if no debug info
     1>libgmp.lib(get_si.obj) : warning LNK4099: PDB 'vc100.pdb' was not found with 'libgmp.lib(get_si.obj)' or at 'D:\lp_solve_5.5\xli\xli_ZIMPL\ziboptVS10\x64\Debug\vc100.pdb'; linking object as if no debug info
     1>libgmp.lib(init.obj) : warning LNK4099: PDB 'vc100.pdb' was not found with 'libgmp.lib(init.obj)' or at 'D:\lp_solve_5.5\xli\xli_ZIMPL\ziboptVS10\x64\Debug\vc100.pdb'; linking object as if no debug info
     1>libgmp.lib(mod.obj) : warning LNK4099: PDB 'vc100.pdb' was not found with 'libgmp.lib(mod.obj)' or at 'D:\lp_solve_5.5\xli\xli_ZIMPL\ziboptVS10\x64\Debug\vc100.pdb'; linking object as if no debug info
     1>libgmp.lib(mul.obj) : warning LNK4099: PDB 'vc100.pdb' was not found with 'libgmp.lib(mul.obj)' or at 'D:\lp_solve_5.5\xli\xli_ZIMPL\ziboptVS10\x64\Debug\vc100.pdb'; linking object as if no debug info
     1>libgmp.lib(out_str.obj) : warning LNK4099: PDB 'vc100.pdb' was not found with 'libgmp.lib(out_str.obj)' or at 'D:\lp_solve_5.5\xli\xli_ZIMPL\ziboptVS10\x64\Debug\vc100.pdb'; linking object as if no debug info
     1>libgmp.lib(realloc.obj) : warning LNK4099: PDB 'vc100.pdb' was not found with 'libgmp.lib(realloc.obj)' or at 'D:\lp_solve_5.5\xli\xli_ZIMPL\ziboptVS10\x64\Debug\vc100.pdb'; linking object as if no debug info
     1>libgmp.lib(set.obj) : warning LNK4099: PDB 'vc100.pdb' was not found with 'libgmp.lib(set.obj)' or at 'D:\lp_solve_5.5\xli\xli_ZIMPL\ziboptVS10\x64\Debug\vc100.pdb'; linking object as if no debug info
     1>libgmp.lib(set_str.obj) : warning LNK4099: PDB 'vc100.pdb' was not found with 'libgmp.lib(set_str.obj)' or at 'D:\lp_solve_5.5\xli\xli_ZIMPL\ziboptVS10\x64\Debug\vc100.pdb'; linking object as if no debug info
     1>libgmp.lib(sub.obj) : warning LNK4099: PDB 'vc100.pdb' was not found with 'libgmp.lib(sub.obj)' or at 'D:\lp_solve_5.5\xli\xli_ZIMPL\ziboptVS10\x64\Debug\vc100.pdb'; linking object as if no debug info
     1>libgmp.lib(sub_ui.obj) : warning LNK4099: PDB 'vc100.pdb' was not found with 'libgmp.lib(sub_ui.obj)' or at 'D:\lp_solve_5.5\xli\xli_ZIMPL\ziboptVS10\x64\Debug\vc100.pdb'; linking object as if no debug info
     1>libgmp.lib(tdiv_q.obj) : warning LNK4099: PDB 'vc100.pdb' was not found with 'libgmp.lib(tdiv_q.obj)' or at 'D:\lp_solve_5.5\xli\xli_ZIMPL\ziboptVS10\x64\Debug\vc100.pdb'; linking object as if no debug info
     1>libgmp.lib(tdiv_q_2exp.obj) : warning LNK4099: PDB 'vc100.pdb' was not found with 'libgmp.lib(tdiv_q_2exp.obj)' or at 'D:\lp_solve_5.5\xli\xli_ZIMPL\ziboptVS10\x64\Debug\vc100.pdb'; linking object as if no debug info
     1>libgmp.lib(tdiv_qr.obj) : warning LNK4099: PDB 'vc100.pdb' was not found with 'libgmp.lib(tdiv_qr.obj)' or at 'D:\lp_solve_5.5\xli\xli_ZIMPL\ziboptVS10\x64\Debug\vc100.pdb'; linking object as if no debug info
     1>libgmp.lib(tdiv_r.obj) : warning LNK4099: PDB 'vc100.pdb' was not found with 'libgmp.lib(tdiv_r.obj)' or at 'D:\lp_solve_5.5\xli\xli_ZIMPL\ziboptVS10\x64\Debug\vc100.pdb'; linking object as if no debug info
     1>libgmp.lib(clear.obj) : warning LNK4099: PDB 'vc100.pdb' was not found with 'libgmp.lib(clear.obj)' or at 'D:\lp_solve_5.5\xli\xli_ZIMPL\ziboptVS10\x64\Debug\vc100.pdb'; linking object as if no debug info
     1>libgmp.lib(get_str.obj) : warning LNK4099: PDB 'vc100.pdb' was not found with 'libgmp.lib(get_str.obj)' or at 'D:\lp_solve_5.5\xli\xli_ZIMPL\ziboptVS10\x64\Debug\vc100.pdb'; linking object as if no debug info
     1>libgmp.lib(init.obj) : warning LNK4099: PDB 'vc100.pdb' was not found with 'libgmp.lib(init.obj)' or at 'D:\lp_solve_5.5\xli\xli_ZIMPL\ziboptVS10\x64\Debug\vc100.pdb'; linking object as if no debug info
     1>libgmp.lib(out_str.obj) : warning LNK4099: PDB 'vc100.pdb' was not found with 'libgmp.lib(out_str.obj)' or at 'D:\lp_solve_5.5\xli\xli_ZIMPL\ziboptVS10\x64\Debug\vc100.pdb'; linking object as if no debug info
     1>libgmp.lib(set_dfl_prec.obj) : warning LNK4099: PDB 'vc100.pdb' was not found with 'libgmp.lib(set_dfl_prec.obj)' or at 'D:\lp_solve_5.5\xli\xli_ZIMPL\ziboptVS10\x64\Debug\vc100.pdb'; linking object as if no debug info
     1>libgmp.lib(set_q.obj) : warning LNK4099: PDB 'vc100.pdb' was not found with 'libgmp.lib(set_q.obj)' or at 'D:\lp_solve_5.5\xli\xli_ZIMPL\ziboptVS10\x64\Debug\vc100.pdb'; linking object as if no debug info
     1>libgmp.lib(abs.obj) : warning LNK4099: PDB 'vc100.pdb' was not found with 'libgmp.lib(abs.obj)' or at 'D:\lp_solve_5.5\xli\xli_ZIMPL\ziboptVS10\x64\Debug\vc100.pdb'; linking object as if no debug info
     1>libgmp.lib(aors.obj) : warning LNK4099: PDB 'vc100.pdb' was not found with 'libgmp.lib(aors.obj)' or at 'D:\lp_solve_5.5\xli\xli_ZIMPL\ziboptVS10\x64\Debug\vc100.pdb'; linking object as if no debug info
     1>libgmp.lib(canonicalize.obj) : warning LNK4099: PDB 'vc100.pdb' was not found with 'libgmp.lib(canonicalize.obj)' or at 'D:\lp_solve_5.5\xli\xli_ZIMPL\ziboptVS10\x64\Debug\vc100.pdb'; linking object as if no debug info
     1>libgmp.lib(clear.obj) : warning LNK4099: PDB 'vc100.pdb' was not found with 'libgmp.lib(clear.obj)' or at 'D:\lp_solve_5.5\xli\xli_ZIMPL\ziboptVS10\x64\Debug\vc100.pdb'; linking object as if no debug info
     1>libgmp.lib(cmp.obj) : warning LNK4099: PDB 'vc100.pdb' was not found with 'libgmp.lib(cmp.obj)' or at 'D:\lp_solve_5.5\xli\xli_ZIMPL\ziboptVS10\x64\Debug\vc100.pdb'; linking object as if no debug info
     1>libgmp.lib(div.obj) : warning LNK4099: PDB 'vc100.pdb' was not found with 'libgmp.lib(div.obj)' or at 'D:\lp_solve_5.5\xli\xli_ZIMPL\ziboptVS10\x64\Debug\vc100.pdb'; linking object as if no debug info
     1>libgmp.lib(equal.obj) : warning LNK4099: PDB 'vc100.pdb' was not found with 'libgmp.lib(equal.obj)' or at 'D:\lp_solve_5.5\xli\xli_ZIMPL\ziboptVS10\x64\Debug\vc100.pdb'; linking object as if no debug info
     1>libgmp.lib(get_d.obj) : warning LNK4099: PDB 'vc100.pdb' was not found with 'libgmp.lib(get_d.obj)' or at 'D:\lp_solve_5.5\xli\xli_ZIMPL\ziboptVS10\x64\Debug\vc100.pdb'; linking object as if no debug info
     1>libgmp.lib(init.obj) : warning LNK4099: PDB 'vc100.pdb' was not found with 'libgmp.lib(init.obj)' or at 'D:\lp_solve_5.5\xli\xli_ZIMPL\ziboptVS10\x64\Debug\vc100.pdb'; linking object as if no debug info
     1>libgmp.lib(inv.obj) : warning LNK4099: PDB 'vc100.pdb' was not found with 'libgmp.lib(inv.obj)' or at 'D:\lp_solve_5.5\xli\xli_ZIMPL\ziboptVS10\x64\Debug\vc100.pdb'; linking object as if no debug info
     1>libgmp.lib(mul.obj) : warning LNK4099: PDB 'vc100.pdb' was not found with 'libgmp.lib(mul.obj)' or at 'D:\lp_solve_5.5\xli\xli_ZIMPL\ziboptVS10\x64\Debug\vc100.pdb'; linking object as if no debug info
     1>libgmp.lib(neg.obj) : warning LNK4099: PDB 'vc100.pdb' was not found with 'libgmp.lib(neg.obj)' or at 'D:\lp_solve_5.5\xli\xli_ZIMPL\ziboptVS10\x64\Debug\vc100.pdb'; linking object as if no debug info
     1>libgmp.lib(out_str.obj) : warning LNK4099: PDB 'vc100.pdb' was not found with 'libgmp.lib(out_str.obj)' or at 'D:\lp_solve_5.5\xli\xli_ZIMPL\ziboptVS10\x64\Debug\vc100.pdb'; linking object as if no debug info
     1>libgmp.lib(set.obj) : warning LNK4099: PDB 'vc100.pdb' was not found with 'libgmp.lib(set.obj)' or at 'D:\lp_solve_5.5\xli\xli_ZIMPL\ziboptVS10\x64\Debug\vc100.pdb'; linking object as if no debug info
     1>libgmp.lib(set_d.obj) : warning LNK4099: PDB 'vc100.pdb' was not found with 'libgmp.lib(set_d.obj)' or at 'D:\lp_solve_5.5\xli\xli_ZIMPL\ziboptVS10\x64\Debug\vc100.pdb'; linking object as if no debug info
     1>libgmp.lib(set_si.obj) : warning LNK4099: PDB 'vc100.pdb' was not found with 'libgmp.lib(set_si.obj)' or at 'D:\lp_solve_5.5\xli\xli_ZIMPL\ziboptVS10\x64\Debug\vc100.pdb'; linking object as if no debug info
     1>libgmp.lib(set_str.obj) : warning LNK4099: PDB 'vc100.pdb' was not found with 'libgmp.lib(set_str.obj)' or at 'D:\lp_solve_5.5\xli\xli_ZIMPL\ziboptVS10\x64\Debug\vc100.pdb'; linking object as if no debug info
     1>libgmp.lib(set_ui.obj) : warning LNK4099: PDB 'vc100.pdb' was not found with 'libgmp.lib(set_ui.obj)' or at 'D:\lp_solve_5.5\xli\xli_ZIMPL\ziboptVS10\x64\Debug\vc100.pdb'; linking object as if no debug info
     1>libgmp.lib(set_z.obj) : warning LNK4099: PDB 'vc100.pdb' was not found with 'libgmp.lib(set_z.obj)' or at 'D:\lp_solve_5.5\xli\xli_ZIMPL\ziboptVS10\x64\Debug\vc100.pdb'; linking object as if no debug info
     1>libgmp.lib(add.obj) : warning LNK4099: PDB 'vc100.pdb' was not found with 'libgmp.lib(add.obj)' or at 'D:\lp_solve_5.5\xli\xli_ZIMPL\ziboptVS10\x64\Debug\vc100.pdb'; linking object as if no debug info
     1>libgmp.lib(add_1.obj) : warning LNK4099: PDB 'vc100.pdb' was not found with 'libgmp.lib(add_1.obj)' or at 'D:\lp_solve_5.5\xli\xli_ZIMPL\ziboptVS10\x64\Debug\vc100.pdb'; linking object as if no debug info
     1>libgmp.lib(add_n.obj) : warning LNK4099: PDB 'vc100.pdb' was not found with 'libgmp.lib(add_n.obj)' or at 'D:\lp_solve_5.5\xli\xli_ZIMPL\ziboptVS10\x64\Debug\vc100.pdb'; linking object as if no debug info
     1>libgmp.lib(addmul_1.obj) : warning LNK4099: PDB 'vc100.pdb' was not found with 'libgmp.lib(addmul_1.obj)' or at 'D:\lp_solve_5.5\xli\xli_ZIMPL\ziboptVS10\x64\Debug\vc100.pdb'; linking object as if no debug info
     1>libgmp.lib(bdivmod.obj) : warning LNK4099: PDB 'vc100.pdb' was not found with 'libgmp.lib(bdivmod.obj)' or at 'D:\lp_solve_5.5\xli\xli_ZIMPL\ziboptVS10\x64\Debug\vc100.pdb'; linking object as if no debug info
     1>libgmp.lib(cmp.obj) : warning LNK4099: PDB 'vc100.pdb' was not found with 'libgmp.lib(cmp.obj)' or at 'D:\lp_solve_5.5\xli\xli_ZIMPL\ziboptVS10\x64\Debug\vc100.pdb'; linking object as if no debug info
     1>libgmp.lib(dc_divrem_n.obj) : warning LNK4099: PDB 'vc100.pdb' was not found with 'libgmp.lib(dc_divrem_n.obj)' or at 'D:\lp_solve_5.5\xli\xli_ZIMPL\ziboptVS10\x64\Debug\vc100.pdb'; linking object as if no debug info
     1>libgmp.lib(dive_1.obj) : warning LNK4099: PDB 'vc100.pdb' was not found with 'libgmp.lib(dive_1.obj)' or at 'D:\lp_solve_5.5\xli\xli_ZIMPL\ziboptVS10\x64\Debug\vc100.pdb'; linking object as if no debug info
     1>libgmp.lib(diveby3.obj) : warning LNK4099: PDB 'vc100.pdb' was not found with 'libgmp.lib(diveby3.obj)' or at 'D:\lp_solve_5.5\xli\xli_ZIMPL\ziboptVS10\x64\Debug\vc100.pdb'; linking object as if no debug info
     1>libgmp.lib(divrem.obj) : warning LNK4099: PDB 'vc100.pdb' was not found with 'libgmp.lib(divrem.obj)' or at 'D:\lp_solve_5.5\xli\xli_ZIMPL\ziboptVS10\x64\Debug\vc100.pdb'; linking object as if no debug info
     1>libgmp.lib(divrem_1.obj) : warning LNK4099: PDB 'vc100.pdb' was not found with 'libgmp.lib(divrem_1.obj)' or at 'D:\lp_solve_5.5\xli\xli_ZIMPL\ziboptVS10\x64\Debug\vc100.pdb'; linking object as if no debug info
     1>libgmp.lib(divrem_2.obj) : warning LNK4099: PDB 'vc100.pdb' was not found with 'libgmp.lib(divrem_2.obj)' or at 'D:\lp_solve_5.5\xli\xli_ZIMPL\ziboptVS10\x64\Debug\vc100.pdb'; linking object as if no debug info
     1>libgmp.lib(gcd.obj) : warning LNK4099: PDB 'vc100.pdb' was not found with 'libgmp.lib(gcd.obj)' or at 'D:\lp_solve_5.5\xli\xli_ZIMPL\ziboptVS10\x64\Debug\vc100.pdb'; linking object as if no debug info
     1>libgmp.lib(gcd_1.obj) : warning LNK4099: PDB 'vc100.pdb' was not found with 'libgmp.lib(gcd_1.obj)' or at 'D:\lp_solve_5.5\xli\xli_ZIMPL\ziboptVS10\x64\Debug\vc100.pdb'; linking object as if no debug info
     1>libgmp.lib(get_str.obj) : warning LNK4099: PDB 'vc100.pdb' was not found with 'libgmp.lib(get_str.obj)' or at 'D:\lp_solve_5.5\xli\xli_ZIMPL\ziboptVS10\x64\Debug\vc100.pdb'; linking object as if no debug info
     1>libgmp.lib(lshift.obj) : warning LNK4099: PDB 'vc100.pdb' was not found with 'libgmp.lib(lshift.obj)' or at 'D:\lp_solve_5.5\xli\xli_ZIMPL\ziboptVS10\x64\Debug\vc100.pdb'; linking object as if no debug info
     1>libgmp.lib(mod_1.obj) : warning LNK4099: PDB 'vc100.pdb' was not found with 'libgmp.lib(mod_1.obj)' or at 'D:\lp_solve_5.5\xli\xli_ZIMPL\ziboptVS10\x64\Debug\vc100.pdb'; linking object as if no debug info
     1>libgmp.lib(mode1o.obj) : warning LNK4099: PDB 'vc100.pdb' was not found with 'libgmp.lib(mode1o.obj)' or at 'D:\lp_solve_5.5\xli\xli_ZIMPL\ziboptVS10\x64\Debug\vc100.pdb'; linking object as if no debug info
     1>libgmp.lib(mp_bases.obj) : warning LNK4099: PDB 'vc100.pdb' was not found with 'libgmp.lib(mp_bases.obj)' or at 'D:\lp_solve_5.5\xli\xli_ZIMPL\ziboptVS10\x64\Debug\vc100.pdb'; linking object as if no debug info
     1>libgmp.lib(mul.obj) : warning LNK4099: PDB 'vc100.pdb' was not found with 'libgmp.lib(mul.obj)' or at 'D:\lp_solve_5.5\xli\xli_ZIMPL\ziboptVS10\x64\Debug\vc100.pdb'; linking object as if no debug info
     1>libgmp.lib(mul_1.obj) : warning LNK4099: PDB 'vc100.pdb' was not found with 'libgmp.lib(mul_1.obj)' or at 'D:\lp_solve_5.5\xli\xli_ZIMPL\ziboptVS10\x64\Debug\vc100.pdb'; linking object as if no debug info
     1>libgmp.lib(mul_basecase.obj) : warning LNK4099: PDB 'vc100.pdb' was not found with 'libgmp.lib(mul_basecase.obj)' or at 'D:\lp_solve_5.5\xli\xli_ZIMPL\ziboptVS10\x64\Debug\vc100.pdb'; linking object as if no debug info
     1>libgmp.lib(mul_fft.obj) : warning LNK4099: PDB 'vc100.pdb' was not found with 'libgmp.lib(mul_fft.obj)' or at 'D:\lp_solve_5.5\xli\xli_ZIMPL\ziboptVS10\x64\Debug\vc100.pdb'; linking object as if no debug info
     1>libgmp.lib(mul_n.obj) : warning LNK4099: PDB 'vc100.pdb' was not found with 'libgmp.lib(mul_n.obj)' or at 'D:\lp_solve_5.5\xli\xli_ZIMPL\ziboptVS10\x64\Debug\vc100.pdb'; linking object as if no debug info
     1>libgmp.lib(pre_divrem_1.obj) : warning LNK4099: PDB 'vc100.pdb' was not found with 'libgmp.lib(pre_divrem_1.obj)' or at 'D:\lp_solve_5.5\xli\xli_ZIMPL\ziboptVS10\x64\Debug\vc100.pdb'; linking object as if no debug info
     1>libgmp.lib(rshift.obj) : warning LNK4099: PDB 'vc100.pdb' was not found with 'libgmp.lib(rshift.obj)' or at 'D:\lp_solve_5.5\xli\xli_ZIMPL\ziboptVS10\x64\Debug\vc100.pdb'; linking object as if no debug info
     1>libgmp.lib(sb_divrem_mn.obj) : warning LNK4099: PDB 'vc100.pdb' was not found with 'libgmp.lib(sb_divrem_mn.obj)' or at 'D:\lp_solve_5.5\xli\xli_ZIMPL\ziboptVS10\x64\Debug\vc100.pdb'; linking object as if no debug info
     1>libgmp.lib(set_str.obj) : warning LNK4099: PDB 'vc100.pdb' was not found with 'libgmp.lib(set_str.obj)' or at 'D:\lp_solve_5.5\xli\xli_ZIMPL\ziboptVS10\x64\Debug\vc100.pdb'; linking object as if no debug info
     1>libgmp.lib(sqr_basecase.obj) : warning LNK4099: PDB 'vc100.pdb' was not found with 'libgmp.lib(sqr_basecase.obj)' or at 'D:\lp_solve_5.5\xli\xli_ZIMPL\ziboptVS10\x64\Debug\vc100.pdb'; linking object as if no debug info
     1>libgmp.lib(sub.obj) : warning LNK4099: PDB 'vc100.pdb' was not found with 'libgmp.lib(sub.obj)' or at 'D:\lp_solve_5.5\xli\xli_ZIMPL\ziboptVS10\x64\Debug\vc100.pdb'; linking object as if no debug info
     1>libgmp.lib(sub_1.obj) : warning LNK4099: PDB 'vc100.pdb' was not found with 'libgmp.lib(sub_1.obj)' or at 'D:\lp_solve_5.5\xli\xli_ZIMPL\ziboptVS10\x64\Debug\vc100.pdb'; linking object as if no debug info
     1>libgmp.lib(sub_n.obj) : warning LNK4099: PDB 'vc100.pdb' was not found with 'libgmp.lib(sub_n.obj)' or at 'D:\lp_solve_5.5\xli\xli_ZIMPL\ziboptVS10\x64\Debug\vc100.pdb'; linking object as if no debug info
     1>libgmp.lib(submul_1.obj) : warning LNK4099: PDB 'vc100.pdb' was not found with 'libgmp.lib(submul_1.obj)' or at 'D:\lp_solve_5.5\xli\xli_ZIMPL\ziboptVS10\x64\Debug\vc100.pdb'; linking object as if no debug info
     1>libgmp.lib(tdiv_qr.obj) : warning LNK4099: PDB 'vc100.pdb' was not found with 'libgmp.lib(tdiv_qr.obj)' or at 'D:\lp_solve_5.5\xli\xli_ZIMPL\ziboptVS10\x64\Debug\vc100.pdb'; linking object as if no debug info
     1>libgmp.lib(assert.obj) : warning LNK4099: PDB 'vc100.pdb' was not found with 'libgmp.lib(assert.obj)' or at 'D:\lp_solve_5.5\xli\xli_ZIMPL\ziboptVS10\x64\Debug\vc100.pdb'; linking object as if no debug info
     1>libgmp.lib(errno.obj) : warning LNK4099: PDB 'vc100.pdb' was not found with 'libgmp.lib(errno.obj)' or at 'D:\lp_solve_5.5\xli\xli_ZIMPL\ziboptVS10\x64\Debug\vc100.pdb'; linking object as if no debug info
     1>libgmp.lib(extract-dbl.obj) : warning LNK4099: PDB 'vc100.pdb' was not found with 'libgmp.lib(extract-dbl.obj)' or at 'D:\lp_solve_5.5\xli\xli_ZIMPL\ziboptVS10\x64\Debug\vc100.pdb'; linking object as if no debug info
     1>libgmp.lib(insert-dbl.obj) : warning LNK4099: PDB 'vc100.pdb' was not found with 'libgmp.lib(insert-dbl.obj)' or at 'D:\lp_solve_5.5\xli\xli_ZIMPL\ziboptVS10\x64\Debug\vc100.pdb'; linking object as if no debug info
     1>libgmp.lib(memory.obj) : warning LNK4099: PDB 'vc100.pdb' was not found with 'libgmp.lib(memory.obj)' or at 'D:\lp_solve_5.5\xli\xli_ZIMPL\ziboptVS10\x64\Debug\vc100.pdb'; linking object as if no debug info
     1>libgmp.lib(mp_bpl.obj) : warning LNK4099: PDB 'vc100.pdb' was not found with 'libgmp.lib(mp_bpl.obj)' or at 'D:\lp_solve_5.5\xli\xli_ZIMPL\ziboptVS10\x64\Debug\vc100.pdb'; linking object as if no debug info
     1>libgmp.lib(mp_clz_tab.obj) : warning LNK4099: PDB 'vc100.pdb' was not found with 'libgmp.lib(mp_clz_tab.obj)' or at 'D:\lp_solve_5.5\xli\xli_ZIMPL\ziboptVS10\x64\Debug\vc100.pdb'; linking object as if no debug info
     1>libgmp.lib(mp_minv_tab.obj) : warning LNK4099: PDB 'vc100.pdb' was not found with 'libgmp.lib(mp_minv_tab.obj)' or at 'D:\lp_solve_5.5\xli\xli_ZIMPL\ziboptVS10\x64\Debug\vc100.pdb'; linking object as if no debug info
     1>libgmp.lib(mp_set_fns.obj) : warning LNK4099: PDB 'vc100.pdb' was not found with 'libgmp.lib(mp_set_fns.obj)' or at 'D:\lp_solve_5.5\xli\xli_ZIMPL\ziboptVS10\x64\Debug\vc100.pdb'; linking object as if no debug info
     1>libgmp.lib(version.obj) : warning LNK4099: PDB 'vc100.pdb' was not found with 'libgmp.lib(version.obj)' or at 'D:\lp_solve_5.5\xli\xli_ZIMPL\ziboptVS10\x64\Debug\vc100.pdb'; linking object as if no debug info
         binscip.vcxproj -> D:\lp_solve_5.5\xli\xli_ZIMPL\ziboptVS10\x64\Debug\binscip.exe
       Manifest:
         C:\Program Files\Microsoft SDKs\Windows\v7.0A\bin\mt.exe /nologo /verbose /outputresource:"D:\lp_solve_5.5\xli\xli_ZIMPL\ziboptVS10\x64\Debug\binscip_x64.exe;#1" /manifest x64\Debug\binscip.exe.intermediate.manifest
       FinalizeBuildStatus:
         Deleting file "x64\Debug\binscip.unsuccessfulbuild".
         Touching "x64\Debug\binscip.lastbuildstate".
     1>Done Building Project "D:\lp_solve_5.5\xli\xli_ZIMPL\ziboptVS10\zibopt\scip\binscip.vcxproj" (build target(s)).

Build succeeded.

Time Elapsed 00:00:02.33
