D:\LP_SOLVE_5.5\XLI\XLI_ZIMPL\ZIBOPTVS10\ZIBOPT\SCIP\LIB\NLPLIB\X64\DEBUG\LIBNLPI.LIB
D:\lp_solve_5.5\xli\xli_ZIMPL\ziboptVS10\zibopt\scip\x64\Debug\cl.command.1.tlog
D:\lp_solve_5.5\xli\xli_ZIMPL\ziboptVS10\zibopt\scip\x64\Debug\CL.read.1.tlog
D:\lp_solve_5.5\xli\xli_ZIMPL\ziboptVS10\zibopt\scip\x64\Debug\CL.write.1.tlog
D:\lp_solve_5.5\xli\xli_ZIMPL\ziboptVS10\zibopt\scip\x64\Debug\cons_xor.obj
D:\lp_solve_5.5\xli\xli_ZIMPL\ziboptVS10\zibopt\scip\x64\Debug\cutpool.obj
D:\lp_solve_5.5\xli\xli_ZIMPL\ziboptVS10\zibopt\scip\x64\Debug\debug.obj
D:\lp_solve_5.5\xli\xli_ZIMPL\ziboptVS10\zibopt\scip\x64\Debug\dialog.obj
D:\lp_solve_5.5\xli\xli_ZIMPL\ziboptVS10\zibopt\scip\x64\Debug\dialog_default.obj
D:\lp_solve_5.5\xli\xli_ZIMPL\ziboptVS10\zibopt\scip\x64\Debug\dijkstra_bh.obj
D:\lp_solve_5.5\xli\xli_ZIMPL\ziboptVS10\zibopt\scip\x64\Debug\disp.obj
D:\lp_solve_5.5\xli\xli_ZIMPL\ziboptVS10\zibopt\scip\x64\Debug\disp_default.obj
D:\lp_solve_5.5\xli\xli_ZIMPL\ziboptVS10\zibopt\scip\x64\Debug\event.obj
D:\lp_solve_5.5\xli\xli_ZIMPL\ziboptVS10\zibopt\scip\x64\Debug\expression.obj
D:\LP_SOLVE_5.5\XLI\XLI_ZIMPL\ZIBOPTVS10\ZIBOPT\SCIP\X64\DEBUG\EXPRINTERPRET_NONE.OBJ
D:\lp_solve_5.5\xli\xli_ZIMPL\ziboptVS10\zibopt\scip\x64\Debug\fileio.obj
D:\lp_solve_5.5\xli\xli_ZIMPL\ziboptVS10\zibopt\scip\x64\Debug\heur.obj
D:\lp_solve_5.5\xli\xli_ZIMPL\ziboptVS10\zibopt\scip\x64\Debug\heur_actconsdiving.obj
D:\lp_solve_5.5\xli\xli_ZIMPL\ziboptVS10\zibopt\scip\x64\Debug\heur_coefdiving.obj
D:\lp_solve_5.5\xli\xli_ZIMPL\ziboptVS10\zibopt\scip\x64\Debug\heur_crossover.obj
D:\lp_solve_5.5\xli\xli_ZIMPL\ziboptVS10\zibopt\scip\x64\Debug\heur_dins.obj
D:\lp_solve_5.5\xli\xli_ZIMPL\ziboptVS10\zibopt\scip\x64\Debug\heur_feaspump.obj
D:\lp_solve_5.5\xli\xli_ZIMPL\ziboptVS10\zibopt\scip\x64\Debug\heur_fixandinfer.obj
D:\lp_solve_5.5\xli\xli_ZIMPL\ziboptVS10\zibopt\scip\x64\Debug\heur_fracdiving.obj
D:\lp_solve_5.5\xli\xli_ZIMPL\ziboptVS10\zibopt\scip\x64\Debug\heur_guideddiving.obj
D:\LP_SOLVE_5.5\XLI\XLI_ZIMPL\ZIBOPTVS10\ZIBOPT\SCIP\X64\DEBUG\INTERRUPT.OBJ
D:\LP_SOLVE_5.5\XLI\XLI_ZIMPL\ZIBOPTVS10\ZIBOPT\SCIP\X64\DEBUG\INTERVALARITH.OBJ
D:\lp_solve_5.5\xli\xli_ZIMPL\ziboptVS10\zibopt\scip\x64\Debug\lib.command.1.tlog
D:\lp_solve_5.5\xli\xli_ZIMPL\ziboptVS10\zibopt\scip\x64\Debug\Lib-link.read.1.tlog
D:\lp_solve_5.5\xli\xli_ZIMPL\ziboptVS10\zibopt\scip\x64\Debug\Lib-link.write.1.tlog
D:\LP_SOLVE_5.5\XLI\XLI_ZIMPL\ZIBOPTVS10\ZIBOPT\SCIP\X64\DEBUG\MEMORY.OBJ
D:\LP_SOLVE_5.5\XLI\XLI_ZIMPL\ZIBOPTVS10\ZIBOPT\SCIP\X64\DEBUG\MESSAGE.OBJ
D:\LP_SOLVE_5.5\XLI\XLI_ZIMPL\ZIBOPTVS10\ZIBOPT\SCIP\X64\DEBUG\MISC.OBJ
D:\LP_SOLVE_5.5\XLI\XLI_ZIMPL\ZIBOPTVS10\ZIBOPT\SCIP\X64\DEBUG\NLPI.OBJ
D:\LP_SOLVE_5.5\XLI\XLI_ZIMPL\ZIBOPTVS10\ZIBOPT\SCIP\X64\DEBUG\NLPI_IPOPT_DUMMY.OBJ
D:\LP_SOLVE_5.5\XLI\XLI_ZIMPL\ZIBOPTVS10\ZIBOPT\SCIP\X64\DEBUG\NLPIEXPRESSION.OBJ
D:\LP_SOLVE_5.5\XLI\XLI_ZIMPL\ZIBOPTVS10\ZIBOPT\SCIP\X64\DEBUG\NLPIORACLE.OBJ
D:\LP_SOLVE_5.5\XLI\XLI_ZIMPL\ZIBOPTVS10\ZIBOPT\SCIP\X64\DEBUG\X64\SCIPNLPLIB.PDB
