Build started 19-11-10 20:57:10.
     1>Project "D:\lp_solve_5.5\xli\xli_ZIMPL\ziboptVS10\zibopt\scip\libscip.vcxproj" on node 2 (build target(s)).
     1>InitializeBuildStatus:
         Creating "x64\Debug\libscip.unsuccessfulbuild" because "AlwaysCreate" was specified.
       ClCompile:
         All outputs are up-to-date.
         C:\Program Files\Microsoft Visual Studio 10.0\VC\bin\x86_amd64\CL.exe /c /I..\..\thirdparty\gmp /I..\..\thirdparty\pcre\src /I..\..\thirdparty\zlib /Isrc /I..\zimpl\src /Zi /nologo /W3 /WX- /Od /D NO_SIGACTION /D NO_RAND_R /D NO_STRTOK_R /D NO_STRERROR_R /D WITH_ZLIB /D WIN64 /D WITH_ZIMPL /D inline=_inline /D R_OK=4 /D _MBCS /Gm /EHsc /RTC1 /MDd /GS /fp:precise /Zc:wchar_t /Zc:forScope /Fo"x64\Debug\\" /Fd"x64\Debug\x64\scipLib.pdb" /Gd /TC /wd4274 /wd4996 /wd4244 /errorReport:prompt src\scip\interrupt.c src\scip\intervalarith.c src\scip\misc.c
         misc.c
         intervalarith.c
         interrupt.c
         Generating Code...
     1>C:\Program Files\MSBuild\Microsoft.Cpp\v4.0\Microsoft.CppBuild.targets(1151,5): warning MSB8012: TargetPath(D:\lp_solve_5.5\xli\xli_ZIMPL\ziboptVS10\x64\Debug\libscip.lib) does not match the Library's OutputFile property value (D:\lp_solve_5.5\xli\xli_ZIMPL\ziboptVS10\zibopt\scip\lib\sciplib\x64\debug\libscip.lib). This may cause your project to build incorrectly. To correct this, please make sure that $(OutDir), $(TargetName) and $(TargetExt) property values match the value specified in %(Lib.OutputFile).
       Lib:
         C:\Program Files\Microsoft Visual Studio 10.0\VC\bin\x86_amd64\Lib.exe /OUT:"D:\lp_solve_5.5\xli\xli_ZIMPL\ziboptVS10\zibopt\scip\\lib\sciplib\x64\debug\libscip.lib" /NOLOGO x64\Debug\branch.obj
         x64\Debug\branch_allfullstrong.obj
         x64\Debug\branch_fullstrong.obj
         x64\Debug\branch_inference.obj
         x64\Debug\branch_leastinf.obj
         x64\Debug\branch_mostinf.obj
         x64\Debug\branch_pscost.obj
         x64\Debug\branch_random.obj
         x64\Debug\branch_relpscost.obj
         x64\Debug\buffer.obj
         x64\Debug\clock.obj
         x64\Debug\conflict.obj
         x64\Debug\cons.obj
         x64\Debug\cons_and.obj
         x64\Debug\cons_binpack.obj
         x64\Debug\cons_bounddisjunction.obj
         x64\Debug\cons_conjunction.obj
         x64\Debug\cons_countsols.obj
         x64\Debug\cons_cumulative.obj
         x64\Debug\cons_eqknapsack.obj
         x64\Debug\cons_indicator.obj
         x64\Debug\cons_integral.obj
         x64\Debug\cons_invarknapsack.obj
         x64\Debug\cons_knapsack.obj
         x64\Debug\cons_linear.obj
         x64\Debug\cons_linking.obj
         x64\Debug\cons_logicor.obj
         x64\Debug\cons_or.obj
         x64\Debug\cons_orbitope.obj
         x64\Debug\cons_quadratic.obj
         x64\Debug\cons_setppc.obj
         x64\Debug\cons_soc.obj
         x64\Debug\cons_sos1.obj
         x64\Debug\cons_sos2.obj
         x64\Debug\cons_varbound.obj
         x64\Debug\cons_xor.obj
         x64\Debug\cutpool.obj
         x64\Debug\debug.obj
         x64\Debug\dialog.obj
         x64\Debug\dialog_default.obj
         x64\Debug\dijkstra_bh.obj
         x64\Debug\disp.obj
         x64\Debug\disp_default.obj
         x64\Debug\event.obj
         x64\Debug\expression.obj
         x64\Debug\fileio.obj
         x64\Debug\heur.obj
         x64\Debug\heur_actconsdiving.obj
         x64\Debug\heur_coefdiving.obj
         x64\Debug\heur_crossover.obj
         x64\Debug\heur_dins.obj
         x64\Debug\heur_feaspump.obj
         x64\Debug\heur_fixandinfer.obj
         x64\Debug\heur_fracdiving.obj
         x64\Debug\heur_guideddiving.obj
         x64\Debug\heur_intdiving.obj
         x64\Debug\heur_intshifting.obj
         x64\Debug\heur_linesearchdiving.obj
         x64\Debug\heur_localbranching.obj
         x64\Debug\heur_mutation.obj
         x64\Debug\heur_objpscostdiving.obj
         x64\Debug\heur_octane.obj
         x64\Debug\heur_oneopt.obj
         x64\Debug\heur_pscostdiving.obj
         x64\Debug\heur_rens.obj
         x64\Debug\heur_rins.obj
         x64\Debug\heur_rootsoldiving.obj
         x64\Debug\heur_rounding.obj
         x64\Debug\heur_shiftandpropagate.obj
         x64\Debug\heur_shifting.obj
         x64\Debug\heur_simplerounding.obj
         x64\Debug\heur_subnlp.obj
         x64\Debug\heur_trivial.obj
         x64\Debug\heur_trysol.obj
         x64\Debug\heur_twoopt.obj
         x64\Debug\heur_undercover.obj
         x64\Debug\heur_veclendiving.obj
         x64\Debug\heur_zirounding.obj
         x64\Debug\history.obj
         x64\Debug\implics.obj
         x64\Debug\interrupt.obj
         x64\Debug\intervalarith.obj
         x64\Debug\lp.obj
         x64\Debug\mem.obj
         x64\Debug\misc.obj
         x64\Debug\nlp.obj
         x64\Debug\nodesel.obj
         x64\Debug\nodesel_bfs.obj
         x64\Debug\nodesel_dfs.obj
         x64\Debug\nodesel_estimate.obj
         x64\Debug\nodesel_hybridestim.obj
         x64\Debug\nodesel_restartdfs.obj
         x64\Debug\paramset.obj
         x64\Debug\presol.obj
         x64\Debug\presol_boundshift.obj
         x64\Debug\presol_dualfix.obj
         x64\Debug\presol_implics.obj
         x64\Debug\presol_inttobinary.obj
         x64\Debug\presol_probing.obj
         x64\Debug\presol_trivial.obj
         x64\Debug\pricer.obj
         x64\Debug\pricestore.obj
         x64\Debug\primal.obj
         x64\Debug\prob.obj
         x64\Debug\prop.obj
         x64\Debug\prop_pseudoobj.obj
         x64\Debug\prop_rootredcost.obj
         x64\Debug\prop_vbounds.obj
         x64\Debug\reader.obj
         x64\Debug\reader_ccg.obj
         x64\Debug\reader_cip.obj
         x64\Debug\reader_cnf.obj
         x64\Debug\reader_fix.obj
         x64\Debug\reader_fzn.obj
         x64\Debug\reader_gms.obj
         x64\Debug\reader_lp.obj
         x64\Debug\reader_mps.obj
         x64\Debug\reader_opb.obj
         x64\Debug\reader_pip.obj
         x64\Debug\reader_ppm.obj
         x64\Debug\reader_rlp.obj
         x64\Debug\reader_sol.obj
         x64\Debug\reader_wbo.obj
         x64\Debug\reader_zpl.obj
         x64\Debug\relax.obj
         x64\Debug\retcode.obj
         x64\Debug\scip.obj
         x64\Debug\scipdefplugins.obj
         x64\Debug\scipshell.obj
         x64\Debug\sepa.obj
         x64\Debug\sepa_cgmip.obj
         x64\Debug\sepa_clique.obj
         x64\Debug\sepa_cmir.obj
         x64\Debug\sepa_flowcover.obj
         x64\Debug\sepa_gomory.obj
         x64\Debug\sepa_impliedbounds.obj
         x64\Debug\sepa_intobj.obj
         x64\Debug\sepa_mcf.obj
         x64\Debug\sepa_oddcycle.obj
         x64\Debug\sepa_rapidlearning.obj
         x64\Debug\sepa_redcost.obj
         x64\Debug\sepa_strongcg.obj
         x64\Debug\sepa_zerohalf.obj
         x64\Debug\sepastore.obj
         x64\Debug\set.obj
         x64\Debug\sol.obj
         x64\Debug\solve.obj
         x64\Debug\stat.obj
         x64\Debug\tclique_branch.obj
         x64\Debug\tclique_coloring.obj
         x64\Debug\tclique_graph.obj
         x64\Debug\tree.obj
         x64\Debug\var.obj
         x64\Debug\vbc.obj
         x64\Debug\xmlparse.obj
         libscip.vcxproj -> D:\lp_solve_5.5\xli\xli_ZIMPL\ziboptVS10\x64\Debug\libscip.lib
       FinalizeBuildStatus:
         Deleting file "x64\Debug\libscip.unsuccessfulbuild".
         Touching "x64\Debug\libscip.lastbuildstate".
     1>Done Building Project "D:\lp_solve_5.5\xli\xli_ZIMPL\ziboptVS10\zibopt\scip\libscip.vcxproj" (build target(s)).

Build succeeded.

Time Elapsed 00:00:01.94
