Build started 19-11-10 21:39:32.
     1>Project "D:\lp_solve_5.5\xli\xli_ZIMPL\ziboptVS10\zibopt\zimpl\binzimpl.vcxproj" on node 3 (build target(s)).
     1>InitializeBuildStatus:
         Touching "Release\binzimpl.unsuccessfulbuild".
       ClCompile:
         C:\Program Files\Microsoft Visual Studio 10.0\VC\bin\CL.exe /c /I..\..\thirdparty\gmp /I..\..\thirdparty\pcre\src /I..\..\thirdparty\zlib /Isrc /Zi /nologo /W3 /WX- /O2 /Oi /Oy- /GL /D WITH_PCRE /D WIN32 /D _LIB /D SUPPORT_UTF8 /D SUPPORT_UCP /D POSIX_MALLOC_THRESHOLD=10 /D PCRE_STATIC /D _UNICODE /D UNICODE /D __WATCOMC__ /D NDEBUG /D NO_MSHELL /D __NO_MATH_INLINES /D inline=_inline /D popen=_popen /D pclose=_pclose /D _MBCS /Gm- /EHsc /MD /GS /Gy /fp:precise /Zc:wchar_t /Zc:forScope /Fo"Release\\" /Fd"Release\vc90.pdb" /Gd /TC /wd4996 /wd4146 /analyze- /errorReport:prompt src\ratlpfwrite.c src\ratlpstore.c src\ratmpswrite.c src\ratmstwrite.c src\ratordwrite.c src\ratpresolve.c src\xlpglue.c src\zimpl.c
         ratlpfwrite.c
         ratlpstore.c
         ratmpswrite.c
         ratmstwrite.c
         ratordwrite.c
         ratpresolve.c
         xlpglue.c
         zimpl.c
       Link:
         C:\Program Files\Microsoft Visual Studio 10.0\VC\bin\link.exe /ERRORREPORT:PROMPT /OUT:"D:\lp_solve_5.5\xli\xli_ZIMPL\ziboptVS10\Release\binzimpl.exe" /NOLOGO /LIBPATH:..\..\release /LIBPATH:..\..\thirdparty\gmp\x86\release /LIBPATH:..\..\thirdparty\gmp\lib\x86\release /LIBPATH:..\..\thirdparty\pcre\lib\x86\release /LIBPATH:lib\x86\release /LIBPATH:..\..\thirdparty\zlib\lib\x86\release libgmp.lib libzimpl.lib libz.lib libpcre.lib kernel32.lib user32.lib gdi32.lib winspool.lib comdlg32.lib advapi32.lib shell32.lib ole32.lib oleaut32.lib uuid.lib odbc32.lib odbccp32.lib /NODEFAULTLIB:LIBC.LIB /MANIFEST /ManifestFile:"Release\binzimpl.exe.intermediate.manifest" /MANIFESTUAC:"level='asInvoker' uiAccess='false'" /PDB:"D:\lp_solve_5.5\xli\xli_ZIMPL\ziboptVS10\Release\binzimpl.pdb" /OPT:REF /OPT:ICF /LTCG /TLBID:1 /DYNAMICBASE /NXCOMPAT /IMPLIB:"D:\lp_solve_5.5\xli\xli_ZIMPL\ziboptVS10\Release\binzimpl.lib" /MACHINE:X86 Release\ratlpfwrite.obj
         Release\ratlpstore.obj
         Release\ratmpswrite.obj
         Release\ratmstwrite.obj
         Release\ratordwrite.obj
         Release\ratpresolve.obj
         Release\xlpglue.obj
         Release\zimpl.obj
         Generating code
         Finished generating code
         binzimpl.vcxproj -> D:\lp_solve_5.5\xli\xli_ZIMPL\ziboptVS10\Release\binzimpl.exe
       Manifest:
         C:\Program Files\Microsoft SDKs\Windows\v7.0A\bin\mt.exe /nologo /verbose /outputresource:"D:\lp_solve_5.5\xli\xli_ZIMPL\ziboptVS10\Release\binzimpl.exe;#1" /manifest Release\binzimpl.exe.intermediate.manifest
       FinalizeBuildStatus:
         Deleting file "Release\binzimpl.unsuccessfulbuild".
         Touching "Release\binzimpl.lastbuildstate".
     1>Done Building Project "D:\lp_solve_5.5\xli\xli_ZIMPL\ziboptVS10\zibopt\zimpl\binzimpl.vcxproj" (build target(s)).

Build succeeded.

Time Elapsed 00:00:15.49
