D:\LP_SOLVE_5.5\XLI\XLI_ZIMPL\ZIBOPTVS10\RELEASE\LIBZIMPL.LIB
D:\LP_SOLVE_5.5\XLI\XLI_ZIMPL\ZIBOPTVS10\ZIBOPT\ZIMPL\RELEASE\BLKMEM.OBJ
D:\LP_SOLVE_5.5\XLI\XLI_ZIMPL\ZIBOPTVS10\ZIBOPT\ZIMPL\RELEASE\BOUND.OBJ
D:\lp_solve_5.5\xli\xli_ZIMPL\ziboptVS10\zibopt\zimpl\Release\cl.command.1.tlog
D:\lp_solve_5.5\xli\xli_ZIMPL\ziboptVS10\zibopt\zimpl\Release\CL.read.1.tlog
D:\lp_solve_5.5\xli\xli_ZIMPL\ziboptVS10\zibopt\zimpl\Release\CL.write.1.tlog
D:\LP_SOLVE_5.5\XLI\XLI_ZIMPL\ZIBOPTVS10\ZIBOPT\ZIMPL\RELEASE\CODE.OBJ
D:\LP_SOLVE_5.5\XLI\XLI_ZIMPL\ZIBOPTVS10\ZIBOPT\ZIMPL\RELEASE\CONNAME.OBJ
D:\LP_SOLVE_5.5\XLI\XLI_ZIMPL\ZIBOPTVS10\ZIBOPT\ZIMPL\RELEASE\DEFINE.OBJ
D:\LP_SOLVE_5.5\XLI\XLI_ZIMPL\ZIBOPTVS10\ZIBOPT\ZIMPL\RELEASE\ELEM.OBJ
D:\LP_SOLVE_5.5\XLI\XLI_ZIMPL\ZIBOPTVS10\ZIBOPT\ZIMPL\RELEASE\ENTRY.OBJ
D:\LP_SOLVE_5.5\XLI\XLI_ZIMPL\ZIBOPTVS10\ZIBOPT\ZIMPL\RELEASE\GETOPT.OBJ
D:\LP_SOLVE_5.5\XLI\XLI_ZIMPL\ZIBOPTVS10\ZIBOPT\ZIMPL\RELEASE\GMPMISC.OBJ
D:\LP_SOLVE_5.5\XLI\XLI_ZIMPL\ZIBOPTVS10\ZIBOPT\ZIMPL\RELEASE\HASH.OBJ
D:\LP_SOLVE_5.5\XLI\XLI_ZIMPL\ZIBOPTVS10\ZIBOPT\ZIMPL\RELEASE\HEAP.OBJ
D:\LP_SOLVE_5.5\XLI\XLI_ZIMPL\ZIBOPTVS10\ZIBOPT\ZIMPL\RELEASE\IDXSET.OBJ
D:\LP_SOLVE_5.5\XLI\XLI_ZIMPL\ZIBOPTVS10\ZIBOPT\ZIMPL\RELEASE\INST.OBJ
D:\LP_SOLVE_5.5\XLI\XLI_ZIMPL\ZIBOPTVS10\ZIBOPT\ZIMPL\RELEASE\IREAD.OBJ
D:\lp_solve_5.5\xli\xli_ZIMPL\ziboptVS10\zibopt\zimpl\Release\lib.command.1.tlog
D:\lp_solve_5.5\xli\xli_ZIMPL\ziboptVS10\zibopt\zimpl\Release\Lib-link.read.1.tlog
D:\lp_solve_5.5\xli\xli_ZIMPL\ziboptVS10\zibopt\zimpl\Release\Lib-link.write.1.tlog
D:\LP_SOLVE_5.5\XLI\XLI_ZIMPL\ZIBOPTVS10\ZIBOPT\ZIMPL\RELEASE\LIST.OBJ
D:\LP_SOLVE_5.5\XLI\XLI_ZIMPL\ZIBOPTVS10\ZIBOPT\ZIMPL\RELEASE\LOAD.OBJ
D:\LP_SOLVE_5.5\XLI\XLI_ZIMPL\ZIBOPTVS10\ZIBOPT\ZIMPL\RELEASE\LOCAL.OBJ
D:\LP_SOLVE_5.5\XLI\XLI_ZIMPL\ZIBOPTVS10\ZIBOPT\ZIMPL\RELEASE\METAIO.OBJ
D:\LP_SOLVE_5.5\XLI\XLI_ZIMPL\ZIBOPTVS10\ZIBOPT\ZIMPL\RELEASE\MMLPARSE2.OBJ
D:\LP_SOLVE_5.5\XLI\XLI_ZIMPL\ZIBOPTVS10\ZIBOPT\ZIMPL\RELEASE\MMLSCAN.OBJ
D:\LP_SOLVE_5.5\XLI\XLI_ZIMPL\ZIBOPTVS10\ZIBOPT\ZIMPL\RELEASE\MONO.OBJ
D:\LP_SOLVE_5.5\XLI\XLI_ZIMPL\ZIBOPTVS10\ZIBOPT\ZIMPL\RELEASE\MSHELL.OBJ
D:\LP_SOLVE_5.5\XLI\XLI_ZIMPL\ZIBOPTVS10\ZIBOPT\ZIMPL\RELEASE\NUMBGMP.OBJ
D:\LP_SOLVE_5.5\XLI\XLI_ZIMPL\ZIBOPTVS10\ZIBOPT\ZIMPL\RELEASE\PROG.OBJ
D:\LP_SOLVE_5.5\XLI\XLI_ZIMPL\ZIBOPTVS10\ZIBOPT\ZIMPL\RELEASE\RANDOM.OBJ
D:\LP_SOLVE_5.5\XLI\XLI_ZIMPL\ZIBOPTVS10\ZIBOPT\ZIMPL\RELEASE\RDEFPAR.OBJ
D:\LP_SOLVE_5.5\XLI\XLI_ZIMPL\ZIBOPTVS10\ZIBOPT\ZIMPL\RELEASE\SET4.OBJ
D:\LP_SOLVE_5.5\XLI\XLI_ZIMPL\ZIBOPTVS10\ZIBOPT\ZIMPL\RELEASE\SETEMPTY.OBJ
D:\LP_SOLVE_5.5\XLI\XLI_ZIMPL\ZIBOPTVS10\ZIBOPT\ZIMPL\RELEASE\SETLIST.OBJ
D:\LP_SOLVE_5.5\XLI\XLI_ZIMPL\ZIBOPTVS10\ZIBOPT\ZIMPL\RELEASE\SETMULTI.OBJ
D:\LP_SOLVE_5.5\XLI\XLI_ZIMPL\ZIBOPTVS10\ZIBOPT\ZIMPL\RELEASE\SETPROD.OBJ
D:\LP_SOLVE_5.5\XLI\XLI_ZIMPL\ZIBOPTVS10\ZIBOPT\ZIMPL\RELEASE\SETPSEUDO.OBJ
D:\LP_SOLVE_5.5\XLI\XLI_ZIMPL\ZIBOPTVS10\ZIBOPT\ZIMPL\RELEASE\SETRANGE.OBJ
D:\LP_SOLVE_5.5\XLI\XLI_ZIMPL\ZIBOPTVS10\ZIBOPT\ZIMPL\RELEASE\SOURCE.OBJ
D:\LP_SOLVE_5.5\XLI\XLI_ZIMPL\ZIBOPTVS10\ZIBOPT\ZIMPL\RELEASE\STMT.OBJ
D:\LP_SOLVE_5.5\XLI\XLI_ZIMPL\ZIBOPTVS10\ZIBOPT\ZIMPL\RELEASE\STRSTORE2.OBJ
D:\LP_SOLVE_5.5\XLI\XLI_ZIMPL\ZIBOPTVS10\ZIBOPT\ZIMPL\RELEASE\SYMBOL.OBJ
D:\LP_SOLVE_5.5\XLI\XLI_ZIMPL\ZIBOPTVS10\ZIBOPT\ZIMPL\RELEASE\TERM2.OBJ
D:\LP_SOLVE_5.5\XLI\XLI_ZIMPL\ZIBOPTVS10\ZIBOPT\ZIMPL\RELEASE\TUPLE.OBJ
D:\LP_SOLVE_5.5\XLI\XLI_ZIMPL\ZIBOPTVS10\ZIBOPT\ZIMPL\RELEASE\VINST.OBJ
D:\LP_SOLVE_5.5\XLI\XLI_ZIMPL\ZIBOPTVS10\ZIBOPT\ZIMPL\RELEASE\ZIMPLLIB.OBJ
D:\LP_SOLVE_5.5\XLI\XLI_ZIMPL\ZIBOPTVS10\ZIBOPT\ZIMPL\RELEASE\ZIMPLLIB.PDB
