D:\LP_SOLVE_5.5\XLI\XLI_ZIMPL\ZIBOPTVS10\RELEASE\LIBSOPLEX.LIB
D:\LP_SOLVE_5.5\XLI\XLI_ZIMPL\ZIBOPTVS10\ZIBOPT\SOPLEX\RELEASE\CHANGESOPLEX.OBJ
D:\lp_solve_5.5\xli\xli_ZIMPL\ziboptVS10\zibopt\soplex\Release\cl.command.1.tlog
D:\lp_solve_5.5\xli\xli_ZIMPL\ziboptVS10\zibopt\soplex\Release\CL.read.1.tlog
D:\lp_solve_5.5\xli\xli_ZIMPL\ziboptVS10\zibopt\soplex\Release\CL.write.1.tlog
D:\LP_SOLVE_5.5\XLI\XLI_ZIMPL\ZIBOPTVS10\ZIBOPT\SOPLEX\RELEASE\DIDXSET.OBJ
D:\LP_SOLVE_5.5\XLI\XLI_ZIMPL\ZIBOPTVS10\ZIBOPT\SOPLEX\RELEASE\DSVECTOR.OBJ
D:\LP_SOLVE_5.5\XLI\XLI_ZIMPL\ZIBOPTVS10\ZIBOPT\SOPLEX\RELEASE\DVECTOR.OBJ
D:\LP_SOLVE_5.5\XLI\XLI_ZIMPL\ZIBOPTVS10\ZIBOPT\SOPLEX\RELEASE\ENTER.OBJ
D:\LP_SOLVE_5.5\XLI\XLI_ZIMPL\ZIBOPTVS10\ZIBOPT\SOPLEX\RELEASE\FACTOR.OBJ
D:\LP_SOLVE_5.5\XLI\XLI_ZIMPL\ZIBOPTVS10\ZIBOPT\SOPLEX\RELEASE\FOREST.OBJ
D:\LP_SOLVE_5.5\XLI\XLI_ZIMPL\ZIBOPTVS10\ZIBOPT\SOPLEX\RELEASE\GZSTREAM.OBJ
D:\LP_SOLVE_5.5\XLI\XLI_ZIMPL\ZIBOPTVS10\ZIBOPT\SOPLEX\RELEASE\IDXSET.OBJ
D:\LP_SOLVE_5.5\XLI\XLI_ZIMPL\ZIBOPTVS10\ZIBOPT\SOPLEX\RELEASE\LEAVE.OBJ
D:\lp_solve_5.5\xli\xli_ZIMPL\ziboptVS10\zibopt\soplex\Release\lib.command.1.tlog
D:\lp_solve_5.5\xli\xli_ZIMPL\ziboptVS10\zibopt\soplex\Release\Lib-link.read.1.tlog
D:\lp_solve_5.5\xli\xli_ZIMPL\ziboptVS10\zibopt\soplex\Release\Lib-link.write.1.tlog
D:\LP_SOLVE_5.5\XLI\XLI_ZIMPL\ZIBOPTVS10\ZIBOPT\SOPLEX\RELEASE\LPCOLSET.OBJ
D:\LP_SOLVE_5.5\XLI\XLI_ZIMPL\ZIBOPTVS10\ZIBOPT\SOPLEX\RELEASE\LPROW.OBJ
D:\LP_SOLVE_5.5\XLI\XLI_ZIMPL\ZIBOPTVS10\ZIBOPT\SOPLEX\RELEASE\LPROWSET.OBJ
D:\LP_SOLVE_5.5\XLI\XLI_ZIMPL\ZIBOPTVS10\ZIBOPT\SOPLEX\RELEASE\MESSAGE.OBJ
D:\LP_SOLVE_5.5\XLI\XLI_ZIMPL\ZIBOPTVS10\ZIBOPT\SOPLEX\RELEASE\MPSINPUT.OBJ
D:\LP_SOLVE_5.5\XLI\XLI_ZIMPL\ZIBOPTVS10\ZIBOPT\SOPLEX\RELEASE\NAMESET.OBJ
D:\LP_SOLVE_5.5\XLI\XLI_ZIMPL\ZIBOPTVS10\ZIBOPT\SOPLEX\RELEASE\SLUFACTOR.OBJ
D:\LP_SOLVE_5.5\XLI\XLI_ZIMPL\ZIBOPTVS10\ZIBOPT\SOPLEX\RELEASE\SOLVE.OBJ
D:\LP_SOLVE_5.5\XLI\XLI_ZIMPL\ZIBOPTVS10\ZIBOPT\SOPLEX\RELEASE\SOPLEX.OBJ
D:\LP_SOLVE_5.5\XLI\XLI_ZIMPL\ZIBOPTVS10\ZIBOPT\SOPLEX\RELEASE\SPXBASIS.OBJ
D:\LP_SOLVE_5.5\XLI\XLI_ZIMPL\ZIBOPTVS10\ZIBOPT\SOPLEX\RELEASE\SPXBOUNDS.OBJ
D:\LP_SOLVE_5.5\XLI\XLI_ZIMPL\ZIBOPTVS10\ZIBOPT\SOPLEX\RELEASE\SPXCHANGEBASIS.OBJ
D:\LP_SOLVE_5.5\XLI\XLI_ZIMPL\ZIBOPTVS10\ZIBOPT\SOPLEX\RELEASE\SPXDANTZIGPR.OBJ
D:\LP_SOLVE_5.5\XLI\XLI_ZIMPL\ZIBOPTVS10\ZIBOPT\SOPLEX\RELEASE\SPXDEFAULTRT.OBJ
D:\LP_SOLVE_5.5\XLI\XLI_ZIMPL\ZIBOPTVS10\ZIBOPT\SOPLEX\RELEASE\SPXDEFINES.OBJ
D:\LP_SOLVE_5.5\XLI\XLI_ZIMPL\ZIBOPTVS10\ZIBOPT\SOPLEX\RELEASE\SPXDESC.OBJ
D:\LP_SOLVE_5.5\XLI\XLI_ZIMPL\ZIBOPTVS10\ZIBOPT\SOPLEX\RELEASE\SPXDEVEXPR.OBJ
D:\LP_SOLVE_5.5\XLI\XLI_ZIMPL\ZIBOPTVS10\ZIBOPT\SOPLEX\RELEASE\SPXEQUILISC.OBJ
D:\LP_SOLVE_5.5\XLI\XLI_ZIMPL\ZIBOPTVS10\ZIBOPT\SOPLEX\RELEASE\SPXFASTRT.OBJ
D:\LP_SOLVE_5.5\XLI\XLI_ZIMPL\ZIBOPTVS10\ZIBOPT\SOPLEX\RELEASE\SPXFILEIO.OBJ
D:\LP_SOLVE_5.5\XLI\XLI_ZIMPL\ZIBOPTVS10\ZIBOPT\SOPLEX\RELEASE\SPXGEOMETSC.OBJ
D:\LP_SOLVE_5.5\XLI\XLI_ZIMPL\ZIBOPTVS10\ZIBOPT\SOPLEX\RELEASE\SPXHARRISRT.OBJ
D:\LP_SOLVE_5.5\XLI\XLI_ZIMPL\ZIBOPTVS10\ZIBOPT\SOPLEX\RELEASE\SPXHYBRIDPR.OBJ
D:\LP_SOLVE_5.5\XLI\XLI_ZIMPL\ZIBOPTVS10\ZIBOPT\SOPLEX\RELEASE\SPXID.OBJ
D:\LP_SOLVE_5.5\XLI\XLI_ZIMPL\ZIBOPTVS10\ZIBOPT\SOPLEX\RELEASE\SPXIO.OBJ
D:\LP_SOLVE_5.5\XLI\XLI_ZIMPL\ZIBOPTVS10\ZIBOPT\SOPLEX\RELEASE\SPXLP.OBJ
D:\LP_SOLVE_5.5\XLI\XLI_ZIMPL\ZIBOPTVS10\ZIBOPT\SOPLEX\RELEASE\SPXLPFREAD.OBJ
D:\LP_SOLVE_5.5\XLI\XLI_ZIMPL\ZIBOPTVS10\ZIBOPT\SOPLEX\RELEASE\SPXLPFWRITE.OBJ
D:\LP_SOLVE_5.5\XLI\XLI_ZIMPL\ZIBOPTVS10\ZIBOPT\SOPLEX\RELEASE\SPXMAINSM.OBJ
D:\LP_SOLVE_5.5\XLI\XLI_ZIMPL\ZIBOPTVS10\ZIBOPT\SOPLEX\RELEASE\SPXMPSREAD.OBJ
D:\LP_SOLVE_5.5\XLI\XLI_ZIMPL\ZIBOPTVS10\ZIBOPT\SOPLEX\RELEASE\SPXMPSWRITE.OBJ
D:\LP_SOLVE_5.5\XLI\XLI_ZIMPL\ZIBOPTVS10\ZIBOPT\SOPLEX\RELEASE\SPXOUT.OBJ
D:\LP_SOLVE_5.5\XLI\XLI_ZIMPL\ZIBOPTVS10\ZIBOPT\SOPLEX\RELEASE\SPXPARMULTPR.OBJ
D:\LP_SOLVE_5.5\XLI\XLI_ZIMPL\ZIBOPTVS10\ZIBOPT\SOPLEX\RELEASE\SPXPROOF.OBJ
D:\LP_SOLVE_5.5\XLI\XLI_ZIMPL\ZIBOPTVS10\ZIBOPT\SOPLEX\RELEASE\SPXQUALITY.OBJ
D:\LP_SOLVE_5.5\XLI\XLI_ZIMPL\ZIBOPTVS10\ZIBOPT\SOPLEX\RELEASE\SPXSCALER.OBJ
D:\LP_SOLVE_5.5\XLI\XLI_ZIMPL\ZIBOPTVS10\ZIBOPT\SOPLEX\RELEASE\SPXSHIFT.OBJ
D:\LP_SOLVE_5.5\XLI\XLI_ZIMPL\ZIBOPTVS10\ZIBOPT\SOPLEX\RELEASE\SPXSOLVE.OBJ
D:\LP_SOLVE_5.5\XLI\XLI_ZIMPL\ZIBOPTVS10\ZIBOPT\SOPLEX\RELEASE\SPXSOLVER.OBJ
D:\LP_SOLVE_5.5\XLI\XLI_ZIMPL\ZIBOPTVS10\ZIBOPT\SOPLEX\RELEASE\SPXSTARTER.OBJ
D:\LP_SOLVE_5.5\XLI\XLI_ZIMPL\ZIBOPTVS10\ZIBOPT\SOPLEX\RELEASE\SPXSTEEPPR.OBJ
D:\LP_SOLVE_5.5\XLI\XLI_ZIMPL\ZIBOPTVS10\ZIBOPT\SOPLEX\RELEASE\SPXSUMST.OBJ
D:\LP_SOLVE_5.5\XLI\XLI_ZIMPL\ZIBOPTVS10\ZIBOPT\SOPLEX\RELEASE\SPXVECS.OBJ
D:\LP_SOLVE_5.5\XLI\XLI_ZIMPL\ZIBOPTVS10\ZIBOPT\SOPLEX\RELEASE\SPXVECTORST.OBJ
D:\LP_SOLVE_5.5\XLI\XLI_ZIMPL\ZIBOPTVS10\ZIBOPT\SOPLEX\RELEASE\SPXWEIGHTPR.OBJ
D:\LP_SOLVE_5.5\XLI\XLI_ZIMPL\ZIBOPTVS10\ZIBOPT\SOPLEX\RELEASE\SPXWEIGHTST.OBJ
D:\LP_SOLVE_5.5\XLI\XLI_ZIMPL\ZIBOPTVS10\ZIBOPT\SOPLEX\RELEASE\SPXWRITESTATE.OBJ
D:\LP_SOLVE_5.5\XLI\XLI_ZIMPL\ZIBOPTVS10\ZIBOPT\SOPLEX\RELEASE\SSVECTOR.OBJ
D:\LP_SOLVE_5.5\XLI\XLI_ZIMPL\ZIBOPTVS10\ZIBOPT\SOPLEX\RELEASE\SVECTOR.OBJ
D:\LP_SOLVE_5.5\XLI\XLI_ZIMPL\ZIBOPTVS10\ZIBOPT\SOPLEX\RELEASE\SVSET.OBJ
D:\LP_SOLVE_5.5\XLI\XLI_ZIMPL\ZIBOPTVS10\ZIBOPT\SOPLEX\RELEASE\TIMER.OBJ
D:\LP_SOLVE_5.5\XLI\XLI_ZIMPL\ZIBOPTVS10\ZIBOPT\SOPLEX\RELEASE\TRACEMETHOD.OBJ
D:\LP_SOLVE_5.5\XLI\XLI_ZIMPL\ZIBOPTVS10\ZIBOPT\SOPLEX\RELEASE\UNITVECTOR.OBJ
D:\LP_SOLVE_5.5\XLI\XLI_ZIMPL\ZIBOPTVS10\ZIBOPT\SOPLEX\RELEASE\UPDATE.OBJ
D:\LP_SOLVE_5.5\XLI\XLI_ZIMPL\ZIBOPTVS10\ZIBOPT\SOPLEX\RELEASE\UPDATEVECTOR.OBJ
D:\LP_SOLVE_5.5\XLI\XLI_ZIMPL\ZIBOPTVS10\ZIBOPT\SOPLEX\RELEASE\VC100.PDB
D:\LP_SOLVE_5.5\XLI\XLI_ZIMPL\ZIBOPTVS10\ZIBOPT\SOPLEX\RELEASE\VECTOR.OBJ
D:\LP_SOLVE_5.5\XLI\XLI_ZIMPL\ZIBOPTVS10\ZIBOPT\SOPLEX\RELEASE\VSOLVE.OBJ
